#
# There is insufficient memory for the Java Runtime Environment to continue.
# Native memory allocation (malloc) failed to allocate 32744 bytes for ChunkPool::allocate
# Possible reasons:
#   The system is out of physical RAM or swap space
#   The process is running with CompressedOops enabled, and the Java Heap may be blocking the growth of the native heap
# Possible solutions:
#   Reduce memory load on the system
#   Increase physical memory or swap space
#   Check if swap backing store is full
#   Decrease Java heap size (-Xmx/-Xms)
#   Decrease number of Java threads
#   Decrease Java thread stack sizes (-Xss)
#   Set larger code cache with -XX:ReservedCodeCacheSize=
#   JVM is running with Unscaled Compressed Oops mode in which the Java heap is
#     placed in the first 4GB address space. The Java Heap base address is the
#     maximum limit for the native heap growth. Please use -XX:HeapBaseMinAddress
#     to set the Java Heap base and to place the Java Heap above 4GB virtual address.
# This output file may be truncated or incomplete.
#
#  Out of Memory Error (./src/hotspot/share/memory/arena.cpp:81), pid=12276, tid=15160
#
# JRE version: OpenJDK Runtime Environment (11.0.12+7) (build 11.0.12+7-b1504.28-7817840)
# Java VM: OpenJDK 64-Bit Server VM (11.0.12+7-b1504.28-7817840, mixed mode, tiered, compressed oops, g1 gc, windows-amd64)
# No core dump will be written. Minidumps are not enabled by default on client versions of Windows
#

---------------  S U M M A R Y ------------

Command Line: --add-opens=java.base/java.util=ALL-UNNAMED --add-opens=java.base/java.lang=ALL-UNNAMED --add-opens=java.base/java.lang.invoke=ALL-UNNAMED --add-opens=java.base/java.util=ALL-UNNAMED --add-opens=java.prefs/java.util.prefs=ALL-UNNAMED --add-opens=java.prefs/java.util.prefs=ALL-UNNAMED --add-opens=java.base/java.nio.charset=ALL-UNNAMED --add-opens=java.base/java.net=ALL-UNNAMED --add-opens=java.base/java.util.concurrent.atomic=ALL-UNNAMED -Xmx2048m -Dfile.encoding=UTF-8 -Duser.country=BR -Duser.language=pt -Duser.variant org.gradle.launcher.daemon.bootstrap.GradleDaemon 7.5.1

Host: Intel(R) Core(TM) i5-6200U CPU @ 2.30GHz, 4 cores, 7G,  Windows 10 , 64 bit Build 19041 (10.0.19041.1889)
Time: Fri Aug 19 10:42:47 2022 Hora oficial do Brasil elapsed time: 129.914559 seconds (0d 0h 2m 9s)

---------------  T H R E A D  ---------------

Current thread (0x000001f052686000):  JavaThread "C2 CompilerThread0" daemon [_thread_in_native, id=15160, stack(0x0000005416300000,0x0000005416400000)]


Current CompileTask:
C2: 129914 15754   !   4       java.util.concurrent.LinkedBlockingQueue::poll (128 bytes)

Stack: [0x0000005416300000,0x0000005416400000]
Native frames: (J=compiled Java code, j=interpreted, Vv=VM code, C=native code)
V  [jvm.dll+0x5fbcea]
V  [jvm.dll+0x731905]
V  [jvm.dll+0x732f1d]
V  [jvm.dll+0x7335d3]
V  [jvm.dll+0x247bf8]
V  [jvm.dll+0xc041b]
V  [jvm.dll+0xc06cc]
V  [jvm.dll+0x2bd197]
V  [jvm.dll+0x5113a8]
V  [jvm.dll+0x201b42]
V  [jvm.dll+0x1ff71f]
V  [jvm.dll+0x18868c]
V  [jvm.dll+0x20e0d7]
V  [jvm.dll+0x20c901]
V  [jvm.dll+0x6f9b7f]
V  [jvm.dll+0x6f26a5]
V  [jvm.dll+0x5fabf6]
C  [ucrtbase.dll+0x21bb2]
C  [KERNEL32.DLL+0x17034]
C  [ntdll.dll+0x52651]


---------------  P R O C E S S  ---------------

Threads class SMR info:
_java_thread_list=0x000001f058f05a10, length=94, elements={
0x000001f038a6e000, 0x000001f052661800, 0x000001f052663000, 0x000001f052680000,
0x000001f052681000, 0x000001f052683000, 0x000001f052686000, 0x000001f052687000,
0x000001f0526aa800, 0x000001f053146800, 0x000001f055158800, 0x000001f056439800,
0x000001f05595b000, 0x000001f054319000, 0x000001f0553ce800, 0x000001f054a09000,
0x000001f054a06800, 0x000001f0543a0000, 0x000001f05439f800, 0x000001f05439c000,
0x000001f0543a2800, 0x000001f0543a1800, 0x000001f0543a4000, 0x000001f0543aa000,
0x000001f0543a5000, 0x000001f058908800, 0x000001f05890b000, 0x000001f058910800,
0x000001f05cd91800, 0x000001f05cd95000, 0x000001f05cd94000, 0x000001f05cd96800,
0x000001f05cd96000, 0x000001f05cd97800, 0x000001f054a07000, 0x000001f05890a000,
0x000001f058911800, 0x000001f05890b800, 0x000001f05890c800, 0x000001f05890f000,
0x000001f05890f800, 0x000001f058913000, 0x000001f05890d000, 0x000001f058916000,
0x000001f058913800, 0x000001f058914800, 0x000001f0543a1000, 0x000001f05439e800,
0x000001f05439b000, 0x000001f05439d000, 0x000001f0543a9000, 0x000001f0543a3800,
0x000001f05cd91000, 0x000001f05cd92800, 0x000001f05cd93800, 0x000001f054a08000,
0x000001f059003000, 0x000001f059001000, 0x000001f059002000, 0x000001f058fff000,
0x000001f058fff800, 0x000001f058ffe000, 0x000001f059004800, 0x000001f059006000,
0x000001f059000800, 0x000001f059007000, 0x000001f059008800, 0x000001f059009800,
0x000001f059007800, 0x000001f059003800, 0x000001f05900a000, 0x000001f05900b000,
0x000001f059005800, 0x000001f05900c000, 0x000001f05900c800, 0x000001f058382800,
0x000001f058384000, 0x000001f058385800, 0x000001f058385000, 0x000001f058388000,
0x000001f058387800, 0x000001f058386800, 0x000001f058389000, 0x000001f058383000,
0x000001f05838a800, 0x000001f05838e800, 0x000001f05838e000, 0x000001f05838f800,
0x000001f05838b800, 0x000001f05838c000, 0x000001f05838a000, 0x000001f058391000,
0x000001f058390800, 0x000001f05838d000
}

Java Threads: ( => current thread )
  0x000001f038a6e000 JavaThread "main" [_thread_blocked, id=5532, stack(0x0000005415700000,0x0000005415800000)]
  0x000001f052661800 JavaThread "Reference Handler" daemon [_thread_blocked, id=10284, stack(0x0000005415e00000,0x0000005415f00000)]
  0x000001f052663000 JavaThread "Finalizer" daemon [_thread_blocked, id=11628, stack(0x0000005415f00000,0x0000005416000000)]
  0x000001f052680000 JavaThread "Signal Dispatcher" daemon [_thread_blocked, id=616, stack(0x0000005416000000,0x0000005416100000)]
  0x000001f052681000 JavaThread "Attach Listener" daemon [_thread_blocked, id=1092, stack(0x0000005416100000,0x0000005416200000)]
  0x000001f052683000 JavaThread "Service Thread" daemon [_thread_blocked, id=15052, stack(0x0000005416200000,0x0000005416300000)]
=>0x000001f052686000 JavaThread "C2 CompilerThread0" daemon [_thread_in_native, id=15160, stack(0x0000005416300000,0x0000005416400000)]
  0x000001f052687000 JavaThread "C1 CompilerThread0" daemon [_thread_blocked, id=3436, stack(0x0000005416400000,0x0000005416500000)]
  0x000001f0526aa800 JavaThread "Sweeper thread" daemon [_thread_blocked, id=14656, stack(0x0000005416500000,0x0000005416600000)]
  0x000001f053146800 JavaThread "Common-Cleaner" daemon [_thread_blocked, id=8672, stack(0x0000005416600000,0x0000005416700000)]
  0x000001f055158800 JavaThread "Daemon health stats" [_thread_blocked, id=7992, stack(0x0000005416a00000,0x0000005416b00000)]
  0x000001f056439800 JavaThread "Incoming local TCP Connector on port 59082" [_thread_in_native, id=3392, stack(0x0000005416900000,0x0000005416a00000)]
  0x000001f05595b000 JavaThread "Daemon periodic checks" [_thread_blocked, id=14696, stack(0x0000005416e00000,0x0000005416f00000)]
  0x000001f054319000 JavaThread "Daemon" [_thread_blocked, id=9464, stack(0x0000005416f00000,0x0000005417000000)]
  0x000001f0553ce800 JavaThread "Daemon worker" [_thread_blocked, id=15380, stack(0x0000005417200000,0x0000005417300000)]
  0x000001f054a09000 JavaThread "Cache worker for journal cache (C:\Users\Helberth\.gradle\caches\journal-1)" [_thread_blocked, id=7360, stack(0x0000005417600000,0x0000005417700000)]
  0x000001f054a06800 JavaThread "File lock request listener" [_thread_in_native, id=14412, stack(0x0000005417700000,0x0000005417800000)]
  0x000001f0543a0000 JavaThread "Cache worker for file hash cache (C:\Users\Helberth\.gradle\caches\7.5.1\fileHashes)" [_thread_blocked, id=15700, stack(0x0000005417800000,0x0000005417900000)]
  0x000001f05439f800 JavaThread "File watcher server" daemon [_thread_in_native, id=1808, stack(0x0000005417900000,0x0000005417a00000)]
  0x000001f05439c000 JavaThread "File watcher consumer" daemon [_thread_blocked, id=14668, stack(0x0000005417a00000,0x0000005417b00000)]
  0x000001f0543a2800 JavaThread "Cache worker for file content cache (C:\Users\Helberth\.gradle\caches\7.5.1\fileContent)" [_thread_blocked, id=9608, stack(0x0000005417e00000,0x0000005417f00000)]
  0x000001f0543a1800 JavaThread "Cache worker for execution history cache (C:\Users\Helberth\.gradle\caches\7.5.1\executionHistory)" [_thread_blocked, id=5876, stack(0x0000005418000000,0x0000005418100000)]
  0x000001f0543a4000 JavaThread "jar transforms" [_thread_blocked, id=4340, stack(0x0000005418200000,0x0000005418300000)]
  0x000001f0543aa000 JavaThread "jar transforms Thread 2" [_thread_blocked, id=15120, stack(0x0000005418300000,0x0000005418400000)]
  0x000001f0543a5000 JavaThread "jar transforms Thread 3" [_thread_blocked, id=4548, stack(0x0000005418500000,0x0000005418600000)]
  0x000001f058908800 JavaThread "jar transforms Thread 4" [_thread_blocked, id=9908, stack(0x000000541af00000,0x000000541b000000)]
  0x000001f05890b000 JavaThread "Memory manager" [_thread_blocked, id=3448, stack(0x000000541b000000,0x000000541b100000)]
  0x000001f058910800 JavaThread "included builds" [_thread_blocked, id=12628, stack(0x000000541b200000,0x000000541b300000)]
  0x000001f05cd91800 JavaThread "RMI Scheduler(0)" daemon [_thread_blocked, id=2376, stack(0x000000541bf00000,0x000000541c000000)]
  0x000001f05cd95000 JavaThread "RMI RenewClean-[127.0.0.1:17370,org.jetbrains.kotlin.daemon.common.LoopbackNetworkInterface$ClientLoopbackSocketFactory@3e0e81bc]" daemon [_thread_blocked, id=9616, stack(0x000000541c100000,0x000000541c200000)]
  0x000001f05cd94000 JavaThread "RMI GC Daemon" daemon [_thread_blocked, id=11224, stack(0x000000541c200000,0x000000541c300000)]
  0x000001f05cd96800 JavaThread "RMI TCP Accept-0" daemon [_thread_in_native, id=13592, stack(0x000000541c300000,0x000000541c400000)]
  0x000001f05cd96000 JavaThread "RMI Reaper" [_thread_blocked, id=16212, stack(0x000000541c400000,0x000000541c500000)]
  0x000001f05cd97800 JavaThread "RMI TCP Connection(idle)" daemon [_thread_blocked, id=14672, stack(0x000000541c600000,0x000000541c700000)]
  0x000001f054a07000 JavaThread "RMI RenewClean-[127.0.0.1:17235,org.jetbrains.kotlin.daemon.common.LoopbackNetworkInterface$ClientLoopbackSocketFactory@24c33aa1]" daemon [_thread_blocked, id=2588, stack(0x0000005415400000,0x0000005415500000)]
  0x000001f05890a000 JavaThread "Handler for socket connection from /127.0.0.1:59082 to /127.0.0.1:59117" [_thread_in_native, id=9684, stack(0x0000005415500000,0x0000005415600000)]
  0x000001f058911800 JavaThread "Cancel handler" [_thread_blocked, id=13836, stack(0x0000005415600000,0x0000005415700000)]
  0x000001f05890b800 JavaThread "Asynchronous log dispatcher for DefaultDaemonConnection: socket connection from /127.0.0.1:59082 to /127.0.0.1:59117" [_thread_blocked, id=14420, stack(0x0000005417000000,0x0000005417100000)]
  0x000001f05890c800 JavaThread "Stdin handler" [_thread_blocked, id=360, stack(0x0000005417100000,0x0000005417200000)]
  0x000001f05890f000 JavaThread "Daemon client event forwarder" [_thread_blocked, id=2120, stack(0x0000005417300000,0x0000005417400000)]
  0x000001f05890f800 JavaThread "Cache worker for checksums cache (C:\Users\Helberth\AndroidStudioProjects\Empresas\.gradle\7.5.1\checksums)" [_thread_blocked, id=10900, stack(0x0000005417500000,0x0000005417600000)]
  0x000001f058913000 JavaThread "Cache worker for cache directory md-rule (C:\Users\Helberth\.gradle\caches\7.5.1\md-rule)" [_thread_blocked, id=4348, stack(0x0000005417b00000,0x0000005417c00000)]
  0x000001f05890d000 JavaThread "Cache worker for file hash cache (C:\Users\Helberth\AndroidStudioProjects\Empresas\.gradle\7.5.1\fileHashes)" [_thread_blocked, id=14120, stack(0x0000005417c00000,0x0000005417d00000)]
  0x000001f058916000 JavaThread "Cache worker for cache directory md-supplier (C:\Users\Helberth\.gradle\caches\7.5.1\md-supplier)" [_thread_blocked, id=8608, stack(0x0000005417d00000,0x0000005417e00000)]
  0x000001f058913800 JavaThread "Cache worker for dependencies-accessors (C:\Users\Helberth\AndroidStudioProjects\Empresas\.gradle\7.5.1\dependencies-accessors)" [_thread_blocked, id=10836, stack(0x0000005417f00000,0x0000005418000000)]
  0x000001f058914800 JavaThread "Cache worker for Build Output Cleanup Cache (C:\Users\Helberth\AndroidStudioProjects\Empresas\.gradle\buildOutputCleanup)" [_thread_blocked, id=9032, stack(0x0000005418100000,0x0000005418200000)]
  0x000001f0543a1000 JavaThread "Unconstrained build operations" [_thread_blocked, id=9124, stack(0x0000005418400000,0x0000005418500000)]
  0x000001f05439e800 JavaThread "Unconstrained build operations Thread 2" [_thread_blocked, id=10656, stack(0x0000005418600000,0x0000005418700000)]
  0x000001f05439b000 JavaThread "Unconstrained build operations Thread 3" [_thread_blocked, id=9348, stack(0x0000005418700000,0x0000005418800000)]
  0x000001f05439d000 JavaThread "Unconstrained build operations Thread 4" [_thread_blocked, id=8144, stack(0x0000005418800000,0x0000005418900000)]
  0x000001f0543a9000 JavaThread "Unconstrained build operations Thread 5" [_thread_blocked, id=7008, stack(0x0000005418900000,0x0000005418a00000)]
  0x000001f0543a3800 JavaThread "Unconstrained build operations Thread 6" [_thread_blocked, id=15292, stack(0x0000005418a00000,0x0000005418b00000)]
  0x000001f05cd91000 JavaThread "Unconstrained build operations Thread 7" [_thread_blocked, id=8448, stack(0x0000005418b00000,0x0000005418c00000)]
  0x000001f05cd92800 JavaThread "Unconstrained build operations Thread 8" [_thread_blocked, id=6888, stack(0x0000005418c00000,0x0000005418d00000)]
  0x000001f05cd93800 JavaThread "Unconstrained build operations Thread 9" [_thread_blocked, id=12572, stack(0x0000005418d00000,0x0000005418e00000)]
  0x000001f054a08000 JavaThread "Unconstrained build operations Thread 10" [_thread_blocked, id=2900, stack(0x0000005418e00000,0x0000005418f00000)]
  0x000001f059003000 JavaThread "Unconstrained build operations Thread 11" [_thread_blocked, id=16084, stack(0x0000005418f00000,0x0000005419000000)]
  0x000001f059001000 JavaThread "Unconstrained build operations Thread 12" [_thread_blocked, id=13524, stack(0x0000005419000000,0x0000005419100000)]
  0x000001f059002000 JavaThread "Unconstrained build operations Thread 13" [_thread_blocked, id=7760, stack(0x0000005419100000,0x0000005419200000)]
  0x000001f058fff000 JavaThread "Unconstrained build operations Thread 14" [_thread_blocked, id=12392, stack(0x0000005419200000,0x0000005419300000)]
  0x000001f058fff800 JavaThread "Unconstrained build operations Thread 15" [_thread_blocked, id=8348, stack(0x0000005419300000,0x0000005419400000)]
  0x000001f058ffe000 JavaThread "Unconstrained build operations Thread 16" [_thread_blocked, id=10364, stack(0x0000005419400000,0x0000005419500000)]
  0x000001f059004800 JavaThread "Unconstrained build operations Thread 17" [_thread_blocked, id=11632, stack(0x0000005419500000,0x0000005419600000)]
  0x000001f059006000 JavaThread "Unconstrained build operations Thread 18" [_thread_blocked, id=16344, stack(0x0000005419600000,0x0000005419700000)]
  0x000001f059000800 JavaThread "Unconstrained build operations Thread 19" [_thread_blocked, id=964, stack(0x0000005419700000,0x0000005419800000)]
  0x000001f059007000 JavaThread "Unconstrained build operations Thread 20" [_thread_blocked, id=4532, stack(0x0000005419800000,0x0000005419900000)]
  0x000001f059008800 JavaThread "Unconstrained build operations Thread 21" [_thread_blocked, id=1408, stack(0x0000005419900000,0x0000005419a00000)]
  0x000001f059009800 JavaThread "Unconstrained build operations Thread 22" [_thread_blocked, id=4300, stack(0x0000005419a00000,0x0000005419b00000)]
  0x000001f059007800 JavaThread "Unconstrained build operations Thread 23" [_thread_blocked, id=13112, stack(0x0000005419b00000,0x0000005419c00000)]
  0x000001f059003800 JavaThread "Unconstrained build operations Thread 24" [_thread_blocked, id=3300, stack(0x0000005419c00000,0x0000005419d00000)]
  0x000001f05900a000 JavaThread "Unconstrained build operations Thread 25" [_thread_blocked, id=5336, stack(0x0000005419d00000,0x0000005419e00000)]
  0x000001f05900b000 JavaThread "Unconstrained build operations Thread 26" [_thread_blocked, id=9860, stack(0x0000005419e00000,0x0000005419f00000)]
  0x000001f059005800 JavaThread "Unconstrained build operations Thread 27" [_thread_blocked, id=11772, stack(0x0000005419f00000,0x000000541a000000)]
  0x000001f05900c000 JavaThread "Unconstrained build operations Thread 28" [_thread_blocked, id=7904, stack(0x000000541a000000,0x000000541a100000)]
  0x000001f05900c800 JavaThread "Unconstrained build operations Thread 29" [_thread_blocked, id=7072, stack(0x000000541a100000,0x000000541a200000)]
  0x000001f058382800 JavaThread "Unconstrained build operations Thread 30" [_thread_blocked, id=4252, stack(0x000000541a200000,0x000000541a300000)]
  0x000001f058384000 JavaThread "Unconstrained build operations Thread 31" [_thread_blocked, id=3668, stack(0x000000541a300000,0x000000541a400000)]
  0x000001f058385800 JavaThread "Unconstrained build operations Thread 32" [_thread_blocked, id=11216, stack(0x000000541a400000,0x000000541a500000)]
  0x000001f058385000 JavaThread "Unconstrained build operations Thread 33" [_thread_blocked, id=7164, stack(0x000000541a500000,0x000000541a600000)]
  0x000001f058388000 JavaThread "Unconstrained build operations Thread 34" [_thread_blocked, id=9904, stack(0x000000541a600000,0x000000541a700000)]
  0x000001f058387800 JavaThread "Unconstrained build operations Thread 35" [_thread_blocked, id=10024, stack(0x000000541a700000,0x000000541a800000)]
  0x000001f058386800 JavaThread "Unconstrained build operations Thread 36" [_thread_blocked, id=11304, stack(0x000000541a800000,0x000000541a900000)]
  0x000001f058389000 JavaThread "Unconstrained build operations Thread 37" [_thread_blocked, id=12112, stack(0x000000541a900000,0x000000541aa00000)]
  0x000001f058383000 JavaThread "Unconstrained build operations Thread 38" [_thread_blocked, id=8676, stack(0x000000541aa00000,0x000000541ab00000)]
  0x000001f05838a800 JavaThread "Unconstrained build operations Thread 39" [_thread_blocked, id=10196, stack(0x000000541ab00000,0x000000541ac00000)]
  0x000001f05838e800 JavaThread "Unconstrained build operations Thread 40" [_thread_blocked, id=1464, stack(0x000000541ac00000,0x000000541ad00000)]
  0x000001f05838e000 JavaThread "build event listener" [_thread_blocked, id=12620, stack(0x000000541ad00000,0x000000541ae00000)]
  0x000001f05838f800 JavaThread "included builds" [_thread_blocked, id=5212, stack(0x000000541ae00000,0x000000541af00000)]
  0x000001f05838b800 JavaThread "Execution worker" [_thread_blocked, id=15760, stack(0x000000541b100000,0x000000541b200000)]
  0x000001f05838c000 JavaThread "Execution worker Thread 2" [_thread_blocked, id=10796, stack(0x000000541b300000,0x000000541b400000)]
  0x000001f05838a000 JavaThread "Execution worker Thread 3" [_thread_blocked, id=1188, stack(0x000000541b400000,0x000000541b500000)]
  0x000001f058391000 JavaThread "Cache worker for execution history cache (C:\Users\Helberth\AndroidStudioProjects\Empresas\.gradle\7.5.1\executionHistory)" [_thread_blocked, id=11176, stack(0x000000541b500000,0x000000541b600000)]
  0x000001f058390800 JavaThread "WorkerExecutor Queue" [_thread_blocked, id=13792, stack(0x000000541b600000,0x000000541b700000)]
  0x000001f05838d000 JavaThread "Thread-136" [_thread_in_native, id=8300, stack(0x0000005417400000,0x0000005417500000)]

Other Threads:
  0x000001f05265c000 VMThread "VM Thread" [stack: 0x0000005415d00000,0x0000005415e00000] [id=372]
  0x000001f0531bc000 WatcherThread [stack: 0x0000005416700000,0x0000005416800000] [id=3140]
  0x000001f038a87000 GCTaskThread "GC Thread#0" [stack: 0x0000005415800000,0x0000005415900000] [id=13376]
  0x000001f053458000 GCTaskThread "GC Thread#1" [stack: 0x0000005416800000,0x0000005416900000] [id=12328]
  0x000001f055461800 GCTaskThread "GC Thread#2" [stack: 0x0000005416b00000,0x0000005416c00000] [id=14360]
  0x000001f054739000 GCTaskThread "GC Thread#3" [stack: 0x0000005416c00000,0x0000005416d00000] [id=13700]
  0x000001f038ab6800 ConcurrentGCThread "G1 Main Marker" [stack: 0x0000005415900000,0x0000005415a00000] [id=12740]
  0x000001f038ab8000 ConcurrentGCThread "G1 Conc#0" [stack: 0x0000005415a00000,0x0000005415b00000] [id=13512]
  0x000001f038b36800 ConcurrentGCThread "G1 Refine#0" [stack: 0x0000005415b00000,0x0000005415c00000] [id=14456]
  0x000001f05588e000 ConcurrentGCThread "G1 Refine#1" [stack: 0x0000005416d00000,0x0000005416e00000] [id=3708]
  0x000001f056c62000 ConcurrentGCThread "G1 Refine#2" [stack: 0x000000541b700000,0x000000541b800000] [id=9792]
  0x000001f038b37800 ConcurrentGCThread "G1 Young RemSet Sampling" [stack: 0x0000005415c00000,0x0000005415d00000] [id=12000]

Threads with active compile tasks:
C2 CompilerThread0 129961 15754   !   4       java.util.concurrent.LinkedBlockingQueue::poll (128 bytes)

VM state:not at safepoint (normal execution)

VM Mutex/Monitor currently owned by a thread: None

Heap address: 0x0000000080000000, size: 2048 MB, Compressed Oops mode: 32-bit
Narrow klass base: 0x0000000000000000, Narrow klass shift: 3
Compressed class space size: 1073741824 Address: 0x0000000100000000

Heap:
 garbage-first heap   total 225280K, used 114953K [0x0000000080000000, 0x0000000100000000)
  region size 1024K, 12 young (12288K), 10 survivors (10240K)
 Metaspace       used 107401K, capacity 110272K, committed 110364K, reserved 1144832K
  class space    used 13665K, capacity 14677K, committed 14720K, reserved 1048576K
Heap Regions: E=young(eden), S=young(survivor), O=old, HS=humongous(starts), HC=humongous(continues), CS=collection set, F=free, A=archive, TAMS=top-at-mark-start (previous, next)
|   0|0x0000000080000000, 0x0000000080100000, 0x0000000080100000|100%|HS|  |TAMS 0x0000000080100000, 0x0000000080000000| Complete 
|   1|0x0000000080100000, 0x0000000080200000, 0x0000000080200000|100%|HC|  |TAMS 0x0000000080200000, 0x0000000080100000| Complete 
|   2|0x0000000080200000, 0x0000000080300000, 0x0000000080300000|100%|HC|  |TAMS 0x0000000080300000, 0x0000000080200000| Complete 
|   3|0x0000000080300000, 0x0000000080400000, 0x0000000080400000|100%| O|  |TAMS 0x0000000080400000, 0x0000000080300000| Untracked 
|   4|0x0000000080400000, 0x0000000080500000, 0x0000000080500000|100%| O|  |TAMS 0x0000000080500000, 0x0000000080400000| Untracked 
|   5|0x0000000080500000, 0x0000000080600000, 0x0000000080600000|100%| O|  |TAMS 0x0000000080600000, 0x0000000080500000| Untracked 
|   6|0x0000000080600000, 0x0000000080700000, 0x0000000080700000|100%| O|  |TAMS 0x0000000080700000, 0x0000000080600000| Untracked 
|   7|0x0000000080700000, 0x0000000080800000, 0x0000000080800000|100%| O|  |TAMS 0x0000000080800000, 0x0000000080700000| Untracked 
|   8|0x0000000080800000, 0x0000000080900000, 0x0000000080900000|100%| O|  |TAMS 0x0000000080900000, 0x0000000080800000| Untracked 
|   9|0x0000000080900000, 0x0000000080a00000, 0x0000000080a00000|100%| O|  |TAMS 0x0000000080a00000, 0x0000000080900000| Untracked 
|  10|0x0000000080a00000, 0x0000000080b00000, 0x0000000080b00000|100%| O|  |TAMS 0x0000000080b00000, 0x0000000080a00000| Untracked 
|  11|0x0000000080b00000, 0x0000000080c00000, 0x0000000080c00000|100%| O|  |TAMS 0x0000000080c00000, 0x0000000080b00000| Untracked 
|  12|0x0000000080c00000, 0x0000000080d00000, 0x0000000080d00000|100%| O|  |TAMS 0x0000000080d00000, 0x0000000080c00000| Untracked 
|  13|0x0000000080d00000, 0x0000000080e00000, 0x0000000080e00000|100%| O|  |TAMS 0x0000000080e00000, 0x0000000080d00000| Untracked 
|  14|0x0000000080e00000, 0x0000000080f00000, 0x0000000080f00000|100%| O|  |TAMS 0x0000000080f00000, 0x0000000080e00000| Untracked 
|  15|0x0000000080f00000, 0x0000000081000000, 0x0000000081000000|100%| O|  |TAMS 0x0000000081000000, 0x0000000080f00000| Untracked 
|  16|0x0000000081000000, 0x0000000081100000, 0x0000000081100000|100%| O|  |TAMS 0x0000000081100000, 0x0000000081000000| Untracked 
|  17|0x0000000081100000, 0x0000000081200000, 0x0000000081200000|100%| O|  |TAMS 0x0000000081200000, 0x0000000081100000| Untracked 
|  18|0x0000000081200000, 0x0000000081300000, 0x0000000081300000|100%| O|  |TAMS 0x0000000081300000, 0x0000000081200000| Untracked 
|  19|0x0000000081300000, 0x0000000081400000, 0x0000000081400000|100%| O|  |TAMS 0x0000000081400000, 0x0000000081300000| Untracked 
|  20|0x0000000081400000, 0x0000000081500000, 0x0000000081500000|100%| O|  |TAMS 0x0000000081500000, 0x0000000081400000| Untracked 
|  21|0x0000000081500000, 0x0000000081600000, 0x0000000081600000|100%| O|  |TAMS 0x0000000081600000, 0x0000000081500000| Untracked 
|  22|0x0000000081600000, 0x0000000081700000, 0x0000000081700000|100%| O|  |TAMS 0x0000000081700000, 0x0000000081600000| Untracked 
|  23|0x0000000081700000, 0x0000000081800000, 0x0000000081800000|100%| O|  |TAMS 0x0000000081800000, 0x0000000081700000| Untracked 
|  24|0x0000000081800000, 0x0000000081900000, 0x0000000081900000|100%| O|  |TAMS 0x0000000081900000, 0x0000000081800000| Untracked 
|  25|0x0000000081900000, 0x0000000081a00000, 0x0000000081a00000|100%| O|  |TAMS 0x0000000081a00000, 0x0000000081900000| Untracked 
|  26|0x0000000081a00000, 0x0000000081b00000, 0x0000000081b00000|100%|HS|  |TAMS 0x0000000081b00000, 0x0000000081a00000| Complete 
|  27|0x0000000081b00000, 0x0000000081c00000, 0x0000000081c00000|100%|HS|  |TAMS 0x0000000081c00000, 0x0000000081b00000| Complete 
|  28|0x0000000081c00000, 0x0000000081d00000, 0x0000000081d00000|100%|HS|  |TAMS 0x0000000081d00000, 0x0000000081c00000| Complete 
|  29|0x0000000081d00000, 0x0000000081e00000, 0x0000000081e00000|100%|HS|  |TAMS 0x0000000081e00000, 0x0000000081d00000| Complete 
|  30|0x0000000081e00000, 0x0000000081f00000, 0x0000000081f00000|100%|HC|  |TAMS 0x0000000081f00000, 0x0000000081e00000| Complete 
|  31|0x0000000081f00000, 0x0000000082000000, 0x0000000082000000|100%|HC|  |TAMS 0x0000000082000000, 0x0000000081f00000| Complete 
|  32|0x0000000082000000, 0x0000000082100000, 0x0000000082100000|100%|HS|  |TAMS 0x0000000082100000, 0x0000000082000000| Complete 
|  33|0x0000000082100000, 0x0000000082200000, 0x0000000082200000|100%|HC|  |TAMS 0x0000000082200000, 0x0000000082100000| Complete 
|  34|0x0000000082200000, 0x0000000082300000, 0x0000000082300000|100%| O|  |TAMS 0x0000000082300000, 0x0000000082200000| Untracked 
|  35|0x0000000082300000, 0x0000000082400000, 0x0000000082400000|100%| O|  |TAMS 0x0000000082400000, 0x0000000082300000| Untracked 
|  36|0x0000000082400000, 0x0000000082500000, 0x0000000082500000|100%| O|  |TAMS 0x0000000082500000, 0x0000000082400000| Untracked 
|  37|0x0000000082500000, 0x0000000082600000, 0x0000000082600000|100%| O|  |TAMS 0x0000000082600000, 0x0000000082500000| Untracked 
|  38|0x0000000082600000, 0x0000000082700000, 0x0000000082700000|100%| O|  |TAMS 0x0000000082700000, 0x0000000082600000| Untracked 
|  39|0x0000000082700000, 0x0000000082800000, 0x0000000082800000|100%| O|  |TAMS 0x0000000082800000, 0x0000000082700000| Untracked 
|  40|0x0000000082800000, 0x0000000082900000, 0x0000000082900000|100%| O|  |TAMS 0x0000000082900000, 0x0000000082800000| Untracked 
|  41|0x0000000082900000, 0x0000000082a00000, 0x0000000082a00000|100%| O|  |TAMS 0x0000000082a00000, 0x0000000082900000| Untracked 
|  42|0x0000000082a00000, 0x0000000082b00000, 0x0000000082b00000|100%| O|  |TAMS 0x0000000082b00000, 0x0000000082a00000| Untracked 
|  43|0x0000000082b00000, 0x0000000082c00000, 0x0000000082c00000|100%| O|  |TAMS 0x0000000082c00000, 0x0000000082b00000| Untracked 
|  44|0x0000000082c00000, 0x0000000082d00000, 0x0000000082d00000|100%| O|  |TAMS 0x0000000082d00000, 0x0000000082c00000| Untracked 
|  45|0x0000000082d00000, 0x0000000082e00000, 0x0000000082e00000|100%| O|  |TAMS 0x0000000082e00000, 0x0000000082d00000| Untracked 
|  46|0x0000000082e00000, 0x0000000082f00000, 0x0000000082f00000|100%| O|  |TAMS 0x0000000082f00000, 0x0000000082e00000| Untracked 
|  47|0x0000000082f00000, 0x0000000083000000, 0x0000000083000000|100%| O|  |TAMS 0x0000000083000000, 0x0000000082f00000| Untracked 
|  48|0x0000000083000000, 0x0000000083100000, 0x0000000083100000|100%| O|  |TAMS 0x0000000083100000, 0x0000000083000000| Untracked 
|  49|0x0000000083100000, 0x0000000083200000, 0x0000000083200000|100%| O|  |TAMS 0x0000000083200000, 0x0000000083100000| Untracked 
|  50|0x0000000083200000, 0x0000000083300000, 0x0000000083300000|100%| O|  |TAMS 0x0000000083300000, 0x0000000083200000| Untracked 
|  51|0x0000000083300000, 0x0000000083400000, 0x0000000083400000|100%| O|  |TAMS 0x0000000083400000, 0x0000000083300000| Untracked 
|  52|0x0000000083400000, 0x0000000083500000, 0x0000000083500000|100%| O|  |TAMS 0x0000000083500000, 0x0000000083400000| Untracked 
|  53|0x0000000083500000, 0x0000000083600000, 0x0000000083600000|100%| O|  |TAMS 0x0000000083600000, 0x0000000083500000| Untracked 
|  54|0x0000000083600000, 0x0000000083700000, 0x0000000083700000|100%| O|  |TAMS 0x0000000083700000, 0x0000000083600000| Untracked 
|  55|0x0000000083700000, 0x0000000083800000, 0x0000000083800000|100%| O|  |TAMS 0x0000000083800000, 0x0000000083700000| Untracked 
|  56|0x0000000083800000, 0x0000000083900000, 0x0000000083900000|100%| O|  |TAMS 0x0000000083900000, 0x0000000083800000| Untracked 
|  57|0x0000000083900000, 0x0000000083a00000, 0x0000000083a00000|100%| O|  |TAMS 0x0000000083a00000, 0x0000000083900000| Untracked 
|  58|0x0000000083a00000, 0x0000000083b00000, 0x0000000083b00000|100%| O|  |TAMS 0x0000000083b00000, 0x0000000083a00000| Untracked 
|  59|0x0000000083b00000, 0x0000000083c00000, 0x0000000083c00000|100%| O|  |TAMS 0x0000000083c00000, 0x0000000083b00000| Untracked 
|  60|0x0000000083c00000, 0x0000000083d00000, 0x0000000083d00000|100%| O|  |TAMS 0x0000000083d00000, 0x0000000083c00000| Untracked 
|  61|0x0000000083d00000, 0x0000000083e00000, 0x0000000083e00000|100%| O|  |TAMS 0x0000000083e00000, 0x0000000083d00000| Untracked 
|  62|0x0000000083e00000, 0x0000000083f00000, 0x0000000083f00000|100%| O|  |TAMS 0x0000000083f00000, 0x0000000083e00000| Untracked 
|  63|0x0000000083f00000, 0x0000000084000000, 0x0000000084000000|100%| O|  |TAMS 0x0000000084000000, 0x0000000083f00000| Untracked 
|  64|0x0000000084000000, 0x0000000084100000, 0x0000000084100000|100%| O|  |TAMS 0x0000000084100000, 0x0000000084000000| Untracked 
|  65|0x0000000084100000, 0x0000000084200000, 0x0000000084200000|100%| O|  |TAMS 0x0000000084200000, 0x0000000084100000| Untracked 
|  66|0x0000000084200000, 0x0000000084300000, 0x0000000084300000|100%| O|  |TAMS 0x0000000084300000, 0x0000000084200000| Untracked 
|  67|0x0000000084300000, 0x0000000084400000, 0x0000000084400000|100%| O|  |TAMS 0x0000000084400000, 0x0000000084300000| Untracked 
|  68|0x0000000084400000, 0x0000000084500000, 0x0000000084500000|100%| O|  |TAMS 0x0000000084500000, 0x0000000084400000| Untracked 
|  69|0x0000000084500000, 0x0000000084600000, 0x0000000084600000|100%| O|  |TAMS 0x0000000084600000, 0x0000000084500000| Untracked 
|  70|0x0000000084600000, 0x0000000084700000, 0x0000000084700000|100%| O|  |TAMS 0x0000000084700000, 0x0000000084600000| Untracked 
|  71|0x0000000084700000, 0x0000000084800000, 0x0000000084800000|100%| O|  |TAMS 0x0000000084800000, 0x0000000084700000| Untracked 
|  72|0x0000000084800000, 0x0000000084900000, 0x0000000084900000|100%| O|  |TAMS 0x0000000084900000, 0x0000000084800000| Untracked 
|  73|0x0000000084900000, 0x0000000084a00000, 0x0000000084a00000|100%| O|  |TAMS 0x0000000084a00000, 0x0000000084900000| Untracked 
|  74|0x0000000084a00000, 0x0000000084b00000, 0x0000000084b00000|100%| O|  |TAMS 0x0000000084b00000, 0x0000000084a00000| Untracked 
|  75|0x0000000084b00000, 0x0000000084c00000, 0x0000000084c00000|100%| O|  |TAMS 0x0000000084c00000, 0x0000000084b00000| Untracked 
|  76|0x0000000084c00000, 0x0000000084d00000, 0x0000000084d00000|100%| O|  |TAMS 0x0000000084d00000, 0x0000000084c00000| Untracked 
|  77|0x0000000084d00000, 0x0000000084e00000, 0x0000000084e00000|100%| O|  |TAMS 0x0000000084d00000, 0x0000000084d00000| Untracked 
|  78|0x0000000084e00000, 0x0000000084f00000, 0x0000000084f00000|100%| O|  |TAMS 0x0000000084f00000, 0x0000000084e00000| Untracked 
|  79|0x0000000084f00000, 0x0000000085000000, 0x0000000085000000|100%| O|  |TAMS 0x0000000085000000, 0x0000000084f00000| Untracked 
|  80|0x0000000085000000, 0x0000000085100000, 0x0000000085100000|100%| O|  |TAMS 0x0000000085100000, 0x0000000085000000| Untracked 
|  81|0x0000000085100000, 0x0000000085200000, 0x0000000085200000|100%| O|  |TAMS 0x0000000085200000, 0x0000000085100000| Untracked 
|  82|0x0000000085200000, 0x0000000085300000, 0x0000000085300000|100%| O|  |TAMS 0x0000000085300000, 0x0000000085200000| Untracked 
|  83|0x0000000085300000, 0x0000000085400000, 0x0000000085400000|100%| O|  |TAMS 0x0000000085300000, 0x0000000085300000| Untracked 
|  84|0x0000000085400000, 0x0000000085470400, 0x0000000085500000| 43%| O|  |TAMS 0x0000000085400000, 0x0000000085400000| Untracked 
|  85|0x0000000085500000, 0x0000000085500000, 0x0000000085600000|  0%| F|  |TAMS 0x0000000085500000, 0x0000000085500000| Untracked 
|  86|0x0000000085600000, 0x0000000085600000, 0x0000000085700000|  0%| F|  |TAMS 0x0000000085600000, 0x0000000085600000| Untracked 
|  87|0x0000000085700000, 0x0000000085800000, 0x0000000085800000|100%| O|  |TAMS 0x0000000085800000, 0x0000000085700000| Untracked 
|  88|0x0000000085800000, 0x0000000085900000, 0x0000000085900000|100%| O|  |TAMS 0x0000000085900000, 0x0000000085800000| Untracked 
|  89|0x0000000085900000, 0x0000000085a00000, 0x0000000085a00000|100%| O|  |TAMS 0x0000000085a00000, 0x0000000085900000| Untracked 
|  90|0x0000000085a00000, 0x0000000085b00000, 0x0000000085b00000|100%| O|  |TAMS 0x0000000085b00000, 0x0000000085a00000| Untracked 
|  91|0x0000000085b00000, 0x0000000085c00000, 0x0000000085c00000|100%| O|  |TAMS 0x0000000085c00000, 0x0000000085b00000| Untracked 
|  92|0x0000000085c00000, 0x0000000085d00000, 0x0000000085d00000|100%| O|  |TAMS 0x0000000085d00000, 0x0000000085c00000| Untracked 
|  93|0x0000000085d00000, 0x0000000085e00000, 0x0000000085e00000|100%| O|  |TAMS 0x0000000085e00000, 0x0000000085d00000| Untracked 
|  94|0x0000000085e00000, 0x0000000085f00000, 0x0000000085f00000|100%| O|  |TAMS 0x0000000085f00000, 0x0000000085e00000| Untracked 
|  95|0x0000000085f00000, 0x0000000086000000, 0x0000000086000000|100%| O|  |TAMS 0x0000000086000000, 0x0000000085f00000| Untracked 
|  96|0x0000000086000000, 0x0000000086100000, 0x0000000086100000|100%| O|  |TAMS 0x0000000086100000, 0x0000000086000000| Untracked 
|  97|0x0000000086100000, 0x0000000086200000, 0x0000000086200000|100%| O|  |TAMS 0x0000000086200000, 0x0000000086100000| Untracked 
|  98|0x0000000086200000, 0x0000000086300000, 0x0000000086300000|100%| O|  |TAMS 0x0000000086300000, 0x0000000086200000| Untracked 
|  99|0x0000000086300000, 0x0000000086400000, 0x0000000086400000|100%| O|  |TAMS 0x0000000086400000, 0x0000000086300000| Untracked 
| 100|0x0000000086400000, 0x0000000086500000, 0x0000000086500000|100%| O|  |TAMS 0x0000000086426600, 0x0000000086400000| Untracked 
| 101|0x0000000086500000, 0x0000000086500000, 0x0000000086600000|  0%| F|  |TAMS 0x0000000086500000, 0x0000000086500000| Untracked 
| 102|0x0000000086600000, 0x0000000086600000, 0x0000000086700000|  0%| F|  |TAMS 0x0000000086600000, 0x0000000086600000| Untracked 
| 103|0x0000000086700000, 0x0000000086700000, 0x0000000086800000|  0%| F|  |TAMS 0x0000000086700000, 0x0000000086700000| Untracked 
| 104|0x0000000086800000, 0x0000000086800000, 0x0000000086900000|  0%| F|  |TAMS 0x0000000086800000, 0x0000000086800000| Untracked 
| 105|0x0000000086900000, 0x0000000086900000, 0x0000000086a00000|  0%| F|  |TAMS 0x0000000086900000, 0x0000000086900000| Untracked 
| 106|0x0000000086a00000, 0x0000000086a00000, 0x0000000086b00000|  0%| F|  |TAMS 0x0000000086a00000, 0x0000000086a00000| Untracked 
| 107|0x0000000086b00000, 0x0000000086b00000, 0x0000000086c00000|  0%| F|  |TAMS 0x0000000086b00000, 0x0000000086b00000| Untracked 
| 108|0x0000000086c00000, 0x0000000086c00000, 0x0000000086d00000|  0%| F|  |TAMS 0x0000000086c00000, 0x0000000086c00000| Untracked 
| 109|0x0000000086d00000, 0x0000000086e00000, 0x0000000086e00000|100%| O|  |TAMS 0x0000000086e00000, 0x0000000086d00000| Untracked 
| 110|0x0000000086e00000, 0x0000000086f00000, 0x0000000086f00000|100%| O|  |TAMS 0x0000000086f00000, 0x0000000086e00000| Untracked 
| 111|0x0000000086f00000, 0x0000000086f00000, 0x0000000087000000|  0%| F|  |TAMS 0x0000000086f00000, 0x0000000086f00000| Untracked 
| 112|0x0000000087000000, 0x0000000087000000, 0x0000000087100000|  0%| F|  |TAMS 0x0000000087000000, 0x0000000087000000| Untracked 
| 113|0x0000000087100000, 0x0000000087100000, 0x0000000087200000|  0%| F|  |TAMS 0x0000000087100000, 0x0000000087100000| Untracked 
| 114|0x0000000087200000, 0x0000000087200000, 0x0000000087300000|  0%| F|  |TAMS 0x0000000087200000, 0x0000000087200000| Untracked 
| 115|0x0000000087300000, 0x0000000087300000, 0x0000000087400000|  0%| F|  |TAMS 0x0000000087300000, 0x0000000087300000| Untracked 
| 116|0x0000000087400000, 0x0000000087400000, 0x0000000087500000|  0%| F|  |TAMS 0x0000000087400000, 0x0000000087400000| Untracked 
| 117|0x0000000087500000, 0x0000000087500000, 0x0000000087600000|  0%| F|  |TAMS 0x0000000087500000, 0x0000000087500000| Untracked 
| 118|0x0000000087600000, 0x0000000087600000, 0x0000000087700000|  0%| F|  |TAMS 0x0000000087600000, 0x0000000087600000| Untracked 
| 119|0x0000000087700000, 0x0000000087700000, 0x0000000087800000|  0%| F|  |TAMS 0x0000000087700000, 0x0000000087700000| Untracked 
| 120|0x0000000087800000, 0x0000000087800000, 0x0000000087900000|  0%| F|  |TAMS 0x0000000087800000, 0x0000000087800000| Untracked 
| 121|0x0000000087900000, 0x0000000087900000, 0x0000000087a00000|  0%| F|  |TAMS 0x0000000087900000, 0x0000000087900000| Untracked 
| 122|0x0000000087a00000, 0x0000000087b00000, 0x0000000087b00000|100%| O|  |TAMS 0x0000000087b00000, 0x0000000087a00000| Untracked 
| 123|0x0000000087b00000, 0x0000000087b00000, 0x0000000087c00000|  0%| F|  |TAMS 0x0000000087b00000, 0x0000000087b00000| Untracked 
| 124|0x0000000087c00000, 0x0000000087c00000, 0x0000000087d00000|  0%| F|  |TAMS 0x0000000087c00000, 0x0000000087c00000| Untracked 
| 125|0x0000000087d00000, 0x0000000087d00000, 0x0000000087e00000|  0%| F|  |TAMS 0x0000000087d00000, 0x0000000087d00000| Untracked 
| 126|0x0000000087e00000, 0x0000000087e00000, 0x0000000087f00000|  0%| F|  |TAMS 0x0000000087e00000, 0x0000000087e00000| Untracked 
| 127|0x0000000087f00000, 0x0000000087f00000, 0x0000000088000000|  0%| F|  |TAMS 0x0000000087f00000, 0x0000000087f00000| Untracked 
| 128|0x0000000088000000, 0x0000000088000000, 0x0000000088100000|  0%| F|  |TAMS 0x0000000088000000, 0x0000000088000000| Untracked 
| 129|0x0000000088100000, 0x0000000088100000, 0x0000000088200000|  0%| F|  |TAMS 0x0000000088100000, 0x0000000088100000| Untracked 
| 130|0x0000000088200000, 0x0000000088200000, 0x0000000088300000|  0%| F|  |TAMS 0x0000000088200000, 0x0000000088200000| Untracked 
| 131|0x0000000088300000, 0x00000000883d2210, 0x0000000088400000| 82%| S|CS|TAMS 0x0000000088300000, 0x0000000088300000| Complete 
| 132|0x0000000088400000, 0x0000000088500000, 0x0000000088500000|100%| S|CS|TAMS 0x0000000088400000, 0x0000000088400000| Complete 
| 133|0x0000000088500000, 0x0000000088600000, 0x0000000088600000|100%| S|CS|TAMS 0x0000000088500000, 0x0000000088500000| Complete 
| 134|0x0000000088600000, 0x0000000088700000, 0x0000000088700000|100%| S|CS|TAMS 0x0000000088600000, 0x0000000088600000| Complete 
| 135|0x0000000088700000, 0x0000000088800000, 0x0000000088800000|100%| S|CS|TAMS 0x0000000088700000, 0x0000000088700000| Complete 
| 136|0x0000000088800000, 0x0000000088900000, 0x0000000088900000|100%| S|CS|TAMS 0x0000000088800000, 0x0000000088800000| Complete 
| 137|0x0000000088900000, 0x0000000088a00000, 0x0000000088a00000|100%| S|CS|TAMS 0x0000000088900000, 0x0000000088900000| Complete 
| 138|0x0000000088a00000, 0x0000000088b00000, 0x0000000088b00000|100%| S|CS|TAMS 0x0000000088a00000, 0x0000000088a00000| Complete 
| 139|0x0000000088b00000, 0x0000000088c00000, 0x0000000088c00000|100%| S|CS|TAMS 0x0000000088b00000, 0x0000000088b00000| Complete 
| 140|0x0000000088c00000, 0x0000000088d00000, 0x0000000088d00000|100%| S|CS|TAMS 0x0000000088c00000, 0x0000000088c00000| Complete 
| 141|0x0000000088d00000, 0x0000000088d00000, 0x0000000088e00000|  0%| F|  |TAMS 0x0000000088d00000, 0x0000000088d00000| Untracked 
| 142|0x0000000088e00000, 0x0000000088e00000, 0x0000000088f00000|  0%| F|  |TAMS 0x0000000088e00000, 0x0000000088e00000| Untracked 
| 143|0x0000000088f00000, 0x0000000088f00000, 0x0000000089000000|  0%| F|  |TAMS 0x0000000088f00000, 0x0000000088f00000| Untracked 
| 144|0x0000000089000000, 0x0000000089000000, 0x0000000089100000|  0%| F|  |TAMS 0x0000000089000000, 0x0000000089000000| Untracked 
| 145|0x0000000089100000, 0x0000000089100000, 0x0000000089200000|  0%| F|  |TAMS 0x0000000089100000, 0x0000000089100000| Untracked 
| 146|0x0000000089200000, 0x0000000089200000, 0x0000000089300000|  0%| F|  |TAMS 0x0000000089200000, 0x0000000089200000| Untracked 
| 147|0x0000000089300000, 0x0000000089300000, 0x0000000089400000|  0%| F|  |TAMS 0x0000000089300000, 0x0000000089300000| Untracked 
| 148|0x0000000089400000, 0x0000000089400000, 0x0000000089500000|  0%| F|  |TAMS 0x0000000089400000, 0x0000000089400000| Untracked 
| 149|0x0000000089500000, 0x0000000089500000, 0x0000000089600000|  0%| F|  |TAMS 0x0000000089500000, 0x0000000089500000| Untracked 
| 150|0x0000000089600000, 0x0000000089600000, 0x0000000089700000|  0%| F|  |TAMS 0x0000000089600000, 0x0000000089600000| Untracked 
| 151|0x0000000089700000, 0x0000000089700000, 0x0000000089800000|  0%| F|  |TAMS 0x0000000089700000, 0x0000000089700000| Untracked 
| 152|0x0000000089800000, 0x0000000089800000, 0x0000000089900000|  0%| F|  |TAMS 0x0000000089800000, 0x0000000089800000| Untracked 
| 153|0x0000000089900000, 0x0000000089900000, 0x0000000089a00000|  0%| F|  |TAMS 0x0000000089900000, 0x0000000089900000| Untracked 
| 154|0x0000000089a00000, 0x0000000089a00000, 0x0000000089b00000|  0%| F|  |TAMS 0x0000000089a00000, 0x0000000089a00000| Untracked 
| 155|0x0000000089b00000, 0x0000000089b00000, 0x0000000089c00000|  0%| F|  |TAMS 0x0000000089b00000, 0x0000000089b00000| Untracked 
| 156|0x0000000089c00000, 0x0000000089c00000, 0x0000000089d00000|  0%| F|  |TAMS 0x0000000089c00000, 0x0000000089c00000| Untracked 
| 157|0x0000000089d00000, 0x0000000089d00000, 0x0000000089e00000|  0%| F|  |TAMS 0x0000000089d00000, 0x0000000089d00000| Untracked 
| 158|0x0000000089e00000, 0x0000000089e00000, 0x0000000089f00000|  0%| F|  |TAMS 0x0000000089e00000, 0x0000000089e00000| Untracked 
| 159|0x0000000089f00000, 0x0000000089f00000, 0x000000008a000000|  0%| F|  |TAMS 0x0000000089f00000, 0x0000000089f00000| Untracked 
| 160|0x000000008a000000, 0x000000008a000000, 0x000000008a100000|  0%| F|  |TAMS 0x000000008a000000, 0x000000008a000000| Untracked 
| 161|0x000000008a100000, 0x000000008a100000, 0x000000008a200000|  0%| F|  |TAMS 0x000000008a100000, 0x000000008a100000| Untracked 
| 162|0x000000008a200000, 0x000000008a200000, 0x000000008a300000|  0%| F|  |TAMS 0x000000008a200000, 0x000000008a200000| Untracked 
| 163|0x000000008a300000, 0x000000008a300000, 0x000000008a400000|  0%| F|  |TAMS 0x000000008a300000, 0x000000008a300000| Untracked 
| 164|0x000000008a400000, 0x000000008a400000, 0x000000008a500000|  0%| F|  |TAMS 0x000000008a400000, 0x000000008a400000| Untracked 
| 165|0x000000008a500000, 0x000000008a500000, 0x000000008a600000|  0%| F|  |TAMS 0x000000008a500000, 0x000000008a500000| Untracked 
| 166|0x000000008a600000, 0x000000008a600000, 0x000000008a700000|  0%| F|  |TAMS 0x000000008a600000, 0x000000008a600000| Untracked 
| 167|0x000000008a700000, 0x000000008a700000, 0x000000008a800000|  0%| F|  |TAMS 0x000000008a700000, 0x000000008a700000| Untracked 
| 168|0x000000008a800000, 0x000000008a800000, 0x000000008a900000|  0%| F|  |TAMS 0x000000008a800000, 0x000000008a800000| Untracked 
| 169|0x000000008a900000, 0x000000008a900000, 0x000000008aa00000|  0%| F|  |TAMS 0x000000008a900000, 0x000000008a900000| Untracked 
| 170|0x000000008aa00000, 0x000000008aa00000, 0x000000008ab00000|  0%| F|  |TAMS 0x000000008aa00000, 0x000000008aa00000| Untracked 
| 171|0x000000008ab00000, 0x000000008ab00000, 0x000000008ac00000|  0%| F|  |TAMS 0x000000008ab00000, 0x000000008ab00000| Untracked 
| 172|0x000000008ac00000, 0x000000008ac00000, 0x000000008ad00000|  0%| F|  |TAMS 0x000000008ac00000, 0x000000008ac00000| Untracked 
| 173|0x000000008ad00000, 0x000000008ad00000, 0x000000008ae00000|  0%| F|  |TAMS 0x000000008ad00000, 0x000000008ad00000| Untracked 
| 174|0x000000008ae00000, 0x000000008ae00000, 0x000000008af00000|  0%| F|  |TAMS 0x000000008ae00000, 0x000000008ae00000| Untracked 
| 175|0x000000008af00000, 0x000000008af00000, 0x000000008b000000|  0%| F|  |TAMS 0x000000008af00000, 0x000000008af00000| Untracked 
| 176|0x000000008b000000, 0x000000008b000000, 0x000000008b100000|  0%| F|  |TAMS 0x000000008b000000, 0x000000008b000000| Untracked 
| 177|0x000000008b100000, 0x000000008b100000, 0x000000008b200000|  0%| F|  |TAMS 0x000000008b100000, 0x000000008b100000| Untracked 
| 178|0x000000008b200000, 0x000000008b200000, 0x000000008b300000|  0%| F|  |TAMS 0x000000008b200000, 0x000000008b200000| Untracked 
| 179|0x000000008b300000, 0x000000008b300000, 0x000000008b400000|  0%| F|  |TAMS 0x000000008b300000, 0x000000008b300000| Untracked 
| 180|0x000000008b400000, 0x000000008b400000, 0x000000008b500000|  0%| F|  |TAMS 0x000000008b400000, 0x000000008b400000| Untracked 
| 181|0x000000008b500000, 0x000000008b500000, 0x000000008b600000|  0%| F|  |TAMS 0x000000008b500000, 0x000000008b500000| Untracked 
| 182|0x000000008b600000, 0x000000008b600000, 0x000000008b700000|  0%| F|  |TAMS 0x000000008b600000, 0x000000008b600000| Untracked 
| 183|0x000000008b700000, 0x000000008b700000, 0x000000008b800000|  0%| F|  |TAMS 0x000000008b700000, 0x000000008b700000| Untracked 
| 184|0x000000008b800000, 0x000000008b800000, 0x000000008b900000|  0%| F|  |TAMS 0x000000008b800000, 0x000000008b800000| Untracked 
| 185|0x000000008b900000, 0x000000008b900000, 0x000000008ba00000|  0%| F|  |TAMS 0x000000008b900000, 0x000000008b900000| Untracked 
| 186|0x000000008ba00000, 0x000000008ba00000, 0x000000008bb00000|  0%| F|  |TAMS 0x000000008ba00000, 0x000000008ba00000| Untracked 
| 187|0x000000008bb00000, 0x000000008bb00000, 0x000000008bc00000|  0%| F|  |TAMS 0x000000008bb00000, 0x000000008bb00000| Untracked 
| 188|0x000000008bc00000, 0x000000008bc00000, 0x000000008bd00000|  0%| F|  |TAMS 0x000000008bc00000, 0x000000008bc00000| Untracked 
| 189|0x000000008bd00000, 0x000000008bd00000, 0x000000008be00000|  0%| F|  |TAMS 0x000000008bd00000, 0x000000008bd00000| Untracked 
| 190|0x000000008be00000, 0x000000008be00000, 0x000000008bf00000|  0%| F|  |TAMS 0x000000008be00000, 0x000000008be00000| Untracked 
| 191|0x000000008bf00000, 0x000000008bf00000, 0x000000008c000000|  0%| F|  |TAMS 0x000000008bf00000, 0x000000008bf00000| Untracked 
| 192|0x000000008c000000, 0x000000008c000000, 0x000000008c100000|  0%| F|  |TAMS 0x000000008c000000, 0x000000008c000000| Untracked 
| 193|0x000000008c100000, 0x000000008c100000, 0x000000008c200000|  0%| F|  |TAMS 0x000000008c100000, 0x000000008c100000| Untracked 
| 194|0x000000008c200000, 0x000000008c200000, 0x000000008c300000|  0%| F|  |TAMS 0x000000008c200000, 0x000000008c200000| Untracked 
| 195|0x000000008c300000, 0x000000008c300000, 0x000000008c400000|  0%| F|  |TAMS 0x000000008c300000, 0x000000008c300000| Untracked 
| 196|0x000000008c400000, 0x000000008c400000, 0x000000008c500000|  0%| F|  |TAMS 0x000000008c400000, 0x000000008c400000| Untracked 
| 197|0x000000008c500000, 0x000000008c500000, 0x000000008c600000|  0%| F|  |TAMS 0x000000008c500000, 0x000000008c500000| Untracked 
| 198|0x000000008c600000, 0x000000008c600000, 0x000000008c700000|  0%| F|  |TAMS 0x000000008c600000, 0x000000008c600000| Untracked 
| 199|0x000000008c700000, 0x000000008c700000, 0x000000008c800000|  0%| F|  |TAMS 0x000000008c700000, 0x000000008c700000| Untracked 
| 200|0x000000008c800000, 0x000000008c800000, 0x000000008c900000|  0%| F|  |TAMS 0x000000008c800000, 0x000000008c800000| Untracked 
| 201|0x000000008c900000, 0x000000008c900000, 0x000000008ca00000|  0%| F|  |TAMS 0x000000008c900000, 0x000000008c900000| Untracked 
| 202|0x000000008ca00000, 0x000000008ca00000, 0x000000008cb00000|  0%| F|  |TAMS 0x000000008ca00000, 0x000000008ca00000| Untracked 
| 203|0x000000008cb00000, 0x000000008cb00000, 0x000000008cc00000|  0%| F|  |TAMS 0x000000008cb00000, 0x000000008cb00000| Untracked 
| 204|0x000000008cc00000, 0x000000008cc00000, 0x000000008cd00000|  0%| F|  |TAMS 0x000000008cc00000, 0x000000008cc00000| Untracked 
| 205|0x000000008cd00000, 0x000000008cd00000, 0x000000008ce00000|  0%| F|  |TAMS 0x000000008cd00000, 0x000000008cd00000| Untracked 
| 206|0x000000008ce00000, 0x000000008ce00000, 0x000000008cf00000|  0%| F|  |TAMS 0x000000008ce00000, 0x000000008ce00000| Untracked 
| 207|0x000000008cf00000, 0x000000008cf00000, 0x000000008d000000|  0%| F|  |TAMS 0x000000008cf00000, 0x000000008cf00000| Untracked 
| 208|0x000000008d000000, 0x000000008d000000, 0x000000008d100000|  0%| F|  |TAMS 0x000000008d000000, 0x000000008d000000| Untracked 
| 209|0x000000008d100000, 0x000000008d100000, 0x000000008d200000|  0%| F|  |TAMS 0x000000008d100000, 0x000000008d100000| Untracked 
| 210|0x000000008d200000, 0x000000008d200000, 0x000000008d300000|  0%| F|  |TAMS 0x000000008d200000, 0x000000008d200000| Untracked 
| 211|0x000000008d300000, 0x000000008d300000, 0x000000008d400000|  0%| F|  |TAMS 0x000000008d300000, 0x000000008d300000| Untracked 
| 212|0x000000008d400000, 0x000000008d400000, 0x000000008d500000|  0%| F|  |TAMS 0x000000008d400000, 0x000000008d400000| Untracked 
| 213|0x000000008d500000, 0x000000008d500000, 0x000000008d600000|  0%| F|  |TAMS 0x000000008d500000, 0x000000008d500000| Untracked 
| 214|0x000000008d600000, 0x000000008d600000, 0x000000008d700000|  0%| F|  |TAMS 0x000000008d600000, 0x000000008d600000| Untracked 
| 215|0x000000008d700000, 0x000000008d700000, 0x000000008d800000|  0%| F|  |TAMS 0x000000008d700000, 0x000000008d700000| Untracked 
| 216|0x000000008d800000, 0x000000008d800000, 0x000000008d900000|  0%| F|  |TAMS 0x000000008d800000, 0x000000008d800000| Untracked 
| 217|0x000000008d900000, 0x000000008d900000, 0x000000008da00000|  0%| F|  |TAMS 0x000000008d900000, 0x000000008d900000| Untracked 
| 218|0x000000008da00000, 0x000000008dafc280, 0x000000008db00000| 98%| E|  |TAMS 0x000000008da00000, 0x000000008da00000| Complete 
| 219|0x000000008db00000, 0x000000008dc00000, 0x000000008dc00000|100%| E|CS|TAMS 0x000000008db00000, 0x000000008db00000| Complete 

Card table byte_map: [0x000001f04b970000,0x000001f04bd70000] _byte_map_base: 0x000001f04b570000

Marking Bits (Prev, Next): (CMBitMap*) 0x000001f038aad9f0, (CMBitMap*) 0x000001f038aad9b8
 Prev Bits: [0x000001f04e170000, 0x000001f050170000)
 Next Bits: [0x000001f04c170000, 0x000001f04e170000)

Polling page: 0x000001f0368c0000

Metaspace:

Usage:
  Non-class:     93.35 MB capacity,    91.54 MB ( 98%) used,     1.49 MB (  2%) free+waste,   336.56 KB ( <1%) overhead. 
      Class:     14.33 MB capacity,    13.34 MB ( 93%) used,   863.85 KB (  6%) free+waste,   148.00 KB (  1%) overhead. 
       Both:    107.69 MB capacity,   104.88 MB ( 97%) used,     2.33 MB (  2%) free+waste,   484.56 KB ( <1%) overhead. 

Virtual space:
  Non-class space:       94.00 MB reserved,      93.40 MB (>99%) committed 
      Class space:        1.00 GB reserved,      14.38 MB (  1%) committed 
             Both:        1.09 GB reserved,     107.78 MB ( 10%) committed 

Chunk freelists:
   Non-Class:  1.00 KB
       Class:  0 bytes
        Both:  1.00 KB

MaxMetaspaceSize: 17179869184.00 GB
CompressedClassSpaceSize: 1.00 GB
Initial GC threshold: 20.80 MB
Current GC threshold: 176.09 MB
CDS: off

CodeHeap 'non-profiled nmethods': size=120064Kb used=10017Kb max_used=10017Kb free=110046Kb
 bounds [0x000001f044030000, 0x000001f044a00000, 0x000001f04b570000]
CodeHeap 'profiled nmethods': size=120000Kb used=34605Kb max_used=34605Kb free=85394Kb
 bounds [0x000001f03cb00000, 0x000001f03ecd0000, 0x000001f044030000]
CodeHeap 'non-nmethods': size=5696Kb used=2447Kb max_used=2519Kb free=3248Kb
 bounds [0x000001f03c570000, 0x000001f03c800000, 0x000001f03cb00000]
 total_blobs=16584 nmethods=15608 adapters=887
 compilation: enabled
              stopped_count=0, restarted_count=0
 full_count=0

Compilation events (20 events):
Event: 116.547 Thread 0x000001f052687000 15745       3       java.util.Formatter::<init> (23 bytes)
Event: 116.548 Thread 0x000001f052687000 nmethod 15745 0x000001f03ecca190 code [0x000001f03ecca380, 0x000001f03ecca738]
Event: 116.548 Thread 0x000001f052687000 15746       3       java.util.Formatter::getZero (27 bytes)
Event: 116.548 Thread 0x000001f052687000 nmethod 15746 0x000001f03ecca890 code [0x000001f03eccaa60, 0x000001f03eccac78]
Event: 116.548 Thread 0x000001f052687000 15747       3       java.util.Formatter::format (11 bytes)
Event: 116.548 Thread 0x000001f052687000 nmethod 15747 0x000001f03eccad90 code [0x000001f03eccaf40, 0x000001f03eccb088]
Event: 116.865 Thread 0x000001f052687000 15748       1       java.lang.management.DefaultPlatformMBeanProvider$10::mbeanInterfaceNames (5 bytes)
Event: 116.865 Thread 0x000001f052687000 nmethod 15748 0x000001f0449ea090 code [0x000001f0449ea240, 0x000001f0449ea2f8]
Event: 116.865 Thread 0x000001f052687000 15749       1       com.sun.management.internal.PlatformMBeanProviderImpl$4::mbeanInterfaceNames (5 bytes)
Event: 116.865 Thread 0x000001f052687000 nmethod 15749 0x000001f0449ea390 code [0x000001f0449ea540, 0x000001f0449ea5f8]
Event: 116.875 Thread 0x000001f052686000 nmethod 15676 0x000001f0449ea690 code [0x000001f0449eacc0, 0x000001f0449f41d0]
Event: 119.866 Thread 0x000001f052687000 15750       3       java.lang.management.ManagementFactory$PlatformMBeanFinder::getMap (4 bytes)
Event: 119.866 Thread 0x000001f052687000 nmethod 15750 0x000001f03eccb110 code [0x000001f03eccb2c0, 0x000001f03eccb3b8]
Event: 122.919 Thread 0x000001f052686000 15751       4       java.lang.StringConcatHelper::prepend (16 bytes)
Event: 122.923 Thread 0x000001f052686000 nmethod 15751 0x000001f0449f7e10 code [0x000001f0449f7fa0, 0x000001f0449f8198]
Event: 125.520 Thread 0x000001f052687000 15752       1       org.gradle.launcher.daemon.server.expiry.DaemonExpirationResult::getStatus (5 bytes)
Event: 125.520 Thread 0x000001f052687000 nmethod 15752 0x000001f0449f8310 code [0x000001f0449f84c0, 0x000001f0449f8578]
Event: 125.521 Thread 0x000001f052687000 15753       3       org.gradle.internal.serialize.InputStreamBackedDecoder::readInt (8 bytes)
Event: 125.522 Thread 0x000001f052687000 nmethod 15753 0x000001f03eccb410 code [0x000001f03eccb5c0, 0x000001f03eccb6e8]
Event: 129.895 Thread 0x000001f052686000 15754   !   4       java.util.concurrent.LinkedBlockingQueue::poll (128 bytes)

GC Heap History (20 events):
Event: 30.974 GC heap before
{Heap before GC invocations=27 (full 0):
 garbage-first heap   total 177152K, used 154232K [0x0000000080000000, 0x0000000100000000)
  region size 1024K, 46 young (47104K), 9 survivors (9216K)
 Metaspace       used 93885K, capacity 96223K, committed 96412K, reserved 1132544K
  class space    used 12139K, capacity 13007K, committed 13056K, reserved 1048576K
}
Event: 31.001 GC heap after
{Heap after GC invocations=28 (full 0):
 garbage-first heap   total 177152K, used 102699K [0x0000000080000000, 0x0000000100000000)
  region size 1024K, 2 young (2048K), 2 survivors (2048K)
 Metaspace       used 93885K, capacity 96223K, committed 96412K, reserved 1132544K
  class space    used 12139K, capacity 13007K, committed 13056K, reserved 1048576K
}
Event: 31.985 GC heap before
{Heap before GC invocations=28 (full 0):
 garbage-first heap   total 177152K, used 139563K [0x0000000080000000, 0x0000000100000000)
  region size 1024K, 39 young (39936K), 2 survivors (2048K)
 Metaspace       used 94380K, capacity 96719K, committed 96924K, reserved 1132544K
  class space    used 12168K, capacity 13056K, committed 13056K, reserved 1048576K
}
Event: 31.999 GC heap after
{Heap after GC invocations=29 (full 0):
 garbage-first heap   total 225280K, used 105288K [0x0000000080000000, 0x0000000100000000)
  region size 1024K, 5 young (5120K), 5 survivors (5120K)
 Metaspace       used 94380K, capacity 96719K, committed 96924K, reserved 1132544K
  class space    used 12168K, capacity 13056K, committed 13056K, reserved 1048576K
}
Event: 33.743 GC heap before
{Heap before GC invocations=30 (full 0):
 garbage-first heap   total 225280K, used 161096K [0x0000000080000000, 0x0000000100000000)
  region size 1024K, 62 young (63488K), 5 survivors (5120K)
 Metaspace       used 96276K, capacity 98517K, committed 98716K, reserved 1134592K
  class space    used 12397K, capacity 13253K, committed 13312K, reserved 1048576K
}
Event: 33.758 GC heap after
{Heap after GC invocations=31 (full 0):
 garbage-first heap   total 225280K, used 106628K [0x0000000080000000, 0x0000000100000000)
  region size 1024K, 6 young (6144K), 6 survivors (6144K)
 Metaspace       used 96276K, capacity 98517K, committed 98716K, reserved 1134592K
  class space    used 12397K, capacity 13253K, committed 13312K, reserved 1048576K
}
Event: 33.805 GC heap before
{Heap before GC invocations=31 (full 0):
 garbage-first heap   total 225280K, used 110724K [0x0000000080000000, 0x0000000100000000)
  region size 1024K, 11 young (11264K), 6 survivors (6144K)
 Metaspace       used 96429K, capacity 98681K, committed 99100K, reserved 1134592K
  class space    used 12420K, capacity 13285K, committed 13440K, reserved 1048576K
}
Event: 33.816 GC heap after
{Heap after GC invocations=32 (full 0):
 garbage-first heap   total 225280K, used 102192K [0x0000000080000000, 0x0000000100000000)
  region size 1024K, 1 young (1024K), 1 survivors (1024K)
 Metaspace       used 96429K, capacity 98681K, committed 99100K, reserved 1134592K
  class space    used 12420K, capacity 13285K, committed 13440K, reserved 1048576K
}
Event: 42.824 GC heap before
{Heap before GC invocations=32 (full 0):
 garbage-first heap   total 225280K, used 165680K [0x0000000080000000, 0x0000000100000000)
  region size 1024K, 64 young (65536K), 1 survivors (1024K)
 Metaspace       used 98759K, capacity 101110K, committed 101404K, reserved 1136640K
  class space    used 12688K, capacity 13560K, committed 13696K, reserved 1048576K
}
Event: 42.838 GC heap after
{Heap after GC invocations=33 (full 0):
 garbage-first heap   total 225280K, used 105904K [0x0000000080000000, 0x0000000100000000)
  region size 1024K, 5 young (5120K), 5 survivors (5120K)
 Metaspace       used 98759K, capacity 101110K, committed 101404K, reserved 1136640K
  class space    used 12688K, capacity 13560K, committed 13696K, reserved 1048576K
}
Event: 43.665 GC heap before
{Heap before GC invocations=33 (full 0):
 garbage-first heap   total 225280K, used 170416K [0x0000000080000000, 0x0000000100000000)
  region size 1024K, 69 young (70656K), 5 survivors (5120K)
 Metaspace       used 100168K, capacity 102563K, committed 102812K, reserved 1138688K
  class space    used 12841K, capacity 13722K, committed 13824K, reserved 1048576K
}
Event: 43.679 GC heap after
{Heap after GC invocations=34 (full 0):
 garbage-first heap   total 225280K, used 109968K [0x0000000080000000, 0x0000000100000000)
  region size 1024K, 9 young (9216K), 9 survivors (9216K)
 Metaspace       used 100168K, capacity 102563K, committed 102812K, reserved 1138688K
  class space    used 12841K, capacity 13722K, committed 13824K, reserved 1048576K
}
Event: 64.588 GC heap before
{Heap before GC invocations=34 (full 0):
 garbage-first heap   total 225280K, used 174480K [0x0000000080000000, 0x0000000100000000)
  region size 1024K, 73 young (74752K), 9 survivors (9216K)
 Metaspace       used 104853K, capacity 107459K, committed 107548K, reserved 1142784K
  class space    used 13474K, capacity 14454K, committed 14464K, reserved 1048576K
}
Event: 64.610 GC heap after
{Heap after GC invocations=35 (full 0):
 garbage-first heap   total 225280K, used 113880K [0x0000000080000000, 0x0000000100000000)
  region size 1024K, 9 young (9216K), 9 survivors (9216K)
 Metaspace       used 104853K, capacity 107459K, committed 107548K, reserved 1142784K
  class space    used 13474K, capacity 14454K, committed 14464K, reserved 1048576K
}
Event: 64.902 GC heap before
{Heap before GC invocations=35 (full 0):
 garbage-first heap   total 225280K, used 138456K [0x0000000080000000, 0x0000000100000000)
  region size 1024K, 35 young (35840K), 9 survivors (9216K)
 Metaspace       used 105180K, capacity 107844K, committed 108188K, reserved 1142784K
  class space    used 13491K, capacity 14493K, committed 14592K, reserved 1048576K
}
Event: 64.919 GC heap after
{Heap after GC invocations=36 (full 0):
 garbage-first heap   total 225280K, used 114196K [0x0000000080000000, 0x0000000100000000)
  region size 1024K, 5 young (5120K), 5 survivors (5120K)
 Metaspace       used 105180K, capacity 107844K, committed 108188K, reserved 1142784K
  class space    used 13491K, capacity 14493K, committed 14592K, reserved 1048576K
}
Event: 112.236 GC heap before
{Heap before GC invocations=37 (full 0):
 garbage-first heap   total 225280K, used 173588K [0x0000000080000000, 0x0000000100000000)
  region size 1024K, 71 young (72704K), 5 survivors (5120K)
 Metaspace       used 106762K, capacity 109614K, committed 109852K, reserved 1144832K
  class space    used 13650K, capacity 14650K, committed 14720K, reserved 1048576K
}
Event: 112.252 GC heap after
{Heap after GC invocations=38 (full 0):
 garbage-first heap   total 225280K, used 106882K [0x0000000080000000, 0x0000000100000000)
  region size 1024K, 7 young (7168K), 7 survivors (7168K)
 Metaspace       used 106762K, capacity 109614K, committed 109852K, reserved 1144832K
  class space    used 13650K, capacity 14650K, committed 14720K, reserved 1048576K
}
Event: 116.202 GC heap before
{Heap before GC invocations=38 (full 0):
 garbage-first heap   total 225280K, used 179586K [0x0000000080000000, 0x0000000100000000)
  region size 1024K, 79 young (80896K), 7 survivors (7168K)
 Metaspace       used 107383K, capacity 110266K, committed 110364K, reserved 1144832K
  class space    used 13664K, capacity 14676K, committed 14720K, reserved 1048576K
}
Event: 116.242 GC heap after
{Heap after GC invocations=39 (full 0):
 garbage-first heap   total 225280K, used 113929K [0x0000000080000000, 0x0000000100000000)
  region size 1024K, 10 young (10240K), 10 survivors (10240K)
 Metaspace       used 107383K, capacity 110266K, committed 110364K, reserved 1144832K
  class space    used 13664K, capacity 14676K, committed 14720K, reserved 1048576K
}

Deoptimization events (20 events):
Event: 112.869 Thread 0x000001f0553ce800 DEOPT PACKING pc=0x000001f0447bf5b4 sp=0x00000054172f91c0
Event: 112.869 Thread 0x000001f0553ce800 DEOPT UNPACKING pc=0x000001f03c5ba1af sp=0x00000054172f9198 mode 2
Event: 113.001 Thread 0x000001f0553ce800 DEOPT PACKING pc=0x000001f03d3656f1 sp=0x00000054172f8920
Event: 113.001 Thread 0x000001f0553ce800 DEOPT UNPACKING pc=0x000001f03c5ba95e sp=0x00000054172f7e18 mode 0
Event: 113.200 Thread 0x000001f0553ce800 Uncommon trap: trap_request=0xfffffff4 fr.pc=0x000001f044965d24 relative=0x0000000000000164
Event: 113.200 Thread 0x000001f0553ce800 Uncommon trap: reason=null_check action=make_not_entrant pc=0x000001f044965d24 method=org.gradle.api.internal.collections.CollectionFilter.filter(Ljava/lang/Object;)Ljava/lang/Object; @ 5 c2
Event: 113.200 Thread 0x000001f0553ce800 DEOPT PACKING pc=0x000001f044965d24 sp=0x00000054172f8c40
Event: 113.200 Thread 0x000001f0553ce800 DEOPT UNPACKING pc=0x000001f03c5ba1af sp=0x00000054172f8be0 mode 2
Event: 113.738 Thread 0x000001f0553ce800 Uncommon trap: trap_request=0xffffffcc fr.pc=0x000001f0449820bc relative=0x00000000000002fc
Event: 113.738 Thread 0x000001f0553ce800 Uncommon trap: reason=intrinsic_or_type_checked_inlining action=make_not_entrant pc=0x000001f0449820bc method=java.util.Arrays.copyOfRange([Ljava/lang/Object;IILjava/lang/Class;)[Ljava/lang/Object; @ 83 c2
Event: 113.738 Thread 0x000001f0553ce800 DEOPT PACKING pc=0x000001f0449820bc sp=0x00000054172f8d90
Event: 113.738 Thread 0x000001f0553ce800 DEOPT UNPACKING pc=0x000001f03c5ba1af sp=0x00000054172f8d10 mode 2
Event: 114.279 Thread 0x000001f05838a000 Uncommon trap: trap_request=0xffffffc6 fr.pc=0x000001f044471588 relative=0x00000000000000c8
Event: 114.279 Thread 0x000001f05838a000 Uncommon trap: reason=bimorphic_or_optimized_type_check action=maybe_recompile pc=0x000001f044471588 method=com.google.common.collect.RegularImmutableMap.checkNoConflictInKeyBucket(Ljava/lang/Object;Ljava/util/Map$Entry;Lcom/google/common/collect/Immutabl
Event: 114.279 Thread 0x000001f05838a000 DEOPT PACKING pc=0x000001f044471588 sp=0x000000541b4fd370
Event: 114.279 Thread 0x000001f05838a000 DEOPT UNPACKING pc=0x000001f03c5ba1af sp=0x000000541b4fd318 mode 2
Event: 115.170 Thread 0x000001f05838b800 Uncommon trap: trap_request=0xffffffc6 fr.pc=0x000001f044471588 relative=0x00000000000000c8
Event: 115.170 Thread 0x000001f05838b800 Uncommon trap: reason=bimorphic_or_optimized_type_check action=maybe_recompile pc=0x000001f044471588 method=com.google.common.collect.RegularImmutableMap.checkNoConflictInKeyBucket(Ljava/lang/Object;Ljava/util/Map$Entry;Lcom/google/common/collect/Immutabl
Event: 115.170 Thread 0x000001f05838b800 DEOPT PACKING pc=0x000001f044471588 sp=0x000000541b1fd200
Event: 115.170 Thread 0x000001f05838b800 DEOPT UNPACKING pc=0x000001f03c5ba1af sp=0x000000541b1fd1a8 mode 2

Classes redefined (0 events):
No events

Internal exceptions (20 events):
Event: 96.968 Thread 0x000001f054319000 Exception <a 'java/lang/NoSuchMethodError'{0x000000008a419548}: <clinit>> (0x000000008a419548) thrown at [./src/hotspot/share/prims/jni.cpp, line 1365]
Event: 96.970 Thread 0x000001f054319000 Exception <a 'java/lang/NoSuchMethodError'{0x000000008a42b6d0}: <clinit>> (0x000000008a42b6d0) thrown at [./src/hotspot/share/prims/jni.cpp, line 1365]
Event: 96.971 Thread 0x000001f054319000 Exception <a 'java/lang/NoSuchMethodError'{0x000000008a437840}: <clinit>> (0x000000008a437840) thrown at [./src/hotspot/share/prims/jni.cpp, line 1365]
Event: 96.980 Thread 0x000001f054319000 Exception <a 'java/lang/NoSuchMethodError'{0x000000008a44cc70}: <clinit>> (0x000000008a44cc70) thrown at [./src/hotspot/share/prims/jni.cpp, line 1365]
Event: 112.733 Thread 0x000001f0553ce800 Exception <a 'sun/nio/fs/WindowsException'{0x000000008d2ed1a0}> (0x000000008d2ed1a0) thrown at [./src/hotspot/share/prims/jni.cpp, line 615]
Event: 113.166 Thread 0x000001f0553ce800 Exception <a 'sun/nio/fs/WindowsException'{0x000000008c5ee188}> (0x000000008c5ee188) thrown at [./src/hotspot/share/prims/jni.cpp, line 615]
Event: 113.178 Thread 0x000001f0553ce800 Exception <a 'sun/nio/fs/WindowsException'{0x000000008c48d2d8}> (0x000000008c48d2d8) thrown at [./src/hotspot/share/prims/jni.cpp, line 615]
Event: 113.178 Thread 0x000001f0553ce800 Exception <a 'sun/nio/fs/WindowsException'{0x000000008c48e660}> (0x000000008c48e660) thrown at [./src/hotspot/share/prims/jni.cpp, line 615]
Event: 113.179 Thread 0x000001f0553ce800 Exception <a 'sun/nio/fs/WindowsException'{0x000000008c48fa38}> (0x000000008c48fa38) thrown at [./src/hotspot/share/prims/jni.cpp, line 615]
Event: 113.179 Thread 0x000001f0553ce800 Exception <a 'sun/nio/fs/WindowsException'{0x000000008c490e10}> (0x000000008c490e10) thrown at [./src/hotspot/share/prims/jni.cpp, line 615]
Event: 113.200 Thread 0x000001f0553ce800 Implicit null exception at 0x000001f044965bfe to 0x000001f044965d10
Event: 114.283 Thread 0x000001f054a07000 Exception <a 'java/net/ConnectException'{0x000000008db0f520}: Connection refused: connect> (0x000000008db0f520) thrown at [./src/hotspot/share/prims/jni.cpp, line 636]
Event: 116.328 Thread 0x000001f054a07000 Exception <a 'java/net/ConnectException'{0x000000008da63c28}: Connection refused: connect> (0x000000008da63c28) thrown at [./src/hotspot/share/prims/jni.cpp, line 636]
Event: 118.491 Thread 0x000001f054a07000 Exception <a 'java/net/ConnectException'{0x000000008da64408}: Connection refused: connect> (0x000000008da64408) thrown at [./src/hotspot/share/prims/jni.cpp, line 636]
Event: 118.805 Thread 0x000001f058390800 Exception <a 'java/net/ConnectException'{0x000000008da8b4b0}: Connection refused: connect> (0x000000008da8b4b0) thrown at [./src/hotspot/share/prims/jni.cpp, line 636]
Event: 120.860 Thread 0x000001f058390800 Exception <a 'java/net/ConnectException'{0x000000008da8c1e0}: Connection refused: connect> (0x000000008da8c1e0) thrown at [./src/hotspot/share/prims/jni.cpp, line 636]
Event: 122.919 Thread 0x000001f058390800 Exception <a 'java/net/ConnectException'{0x000000008da8cf10}: Connection refused: connect> (0x000000008da8cf10) thrown at [./src/hotspot/share/prims/jni.cpp, line 636]
Event: 124.976 Thread 0x000001f058390800 Exception <a 'java/net/ConnectException'{0x000000008dab67d8}: Connection refused: connect> (0x000000008dab67d8) thrown at [./src/hotspot/share/prims/jni.cpp, line 636]
Event: 127.029 Thread 0x000001f058390800 Exception <a 'java/net/ConnectException'{0x000000008dab7508}: Connection refused: connect> (0x000000008dab7508) thrown at [./src/hotspot/share/prims/jni.cpp, line 636]
Event: 129.098 Thread 0x000001f058390800 Exception <a 'java/net/ConnectException'{0x000000008dab8238}: Connection refused: connect> (0x000000008dab8238) thrown at [./src/hotspot/share/prims/jni.cpp, line 636]

Events (20 events):
Event: 115.147 Executing VM operation: RevokeBias done
Event: 115.148 Executing VM operation: RevokeBias
Event: 115.148 Executing VM operation: RevokeBias done
Event: 115.148 Executing VM operation: RevokeBias
Event: 115.148 Executing VM operation: RevokeBias done
Event: 115.148 Executing VM operation: RevokeBias
Event: 115.149 Executing VM operation: RevokeBias done
Event: 115.215 Executing VM operation: RevokeBias
Event: 115.215 Executing VM operation: RevokeBias done
Event: 115.833 Executing VM operation: RevokeBias
Event: 115.834 Executing VM operation: RevokeBias done
Event: 115.834 Executing VM operation: RevokeBias
Event: 115.834 Executing VM operation: RevokeBias done
Event: 115.834 Executing VM operation: BulkRevokeBias
Event: 115.836 Executing VM operation: BulkRevokeBias done
Event: 115.839 Thread 0x000001f058390800 Thread added: 0x000001f058390800
Event: 116.201 Executing VM operation: G1CollectForAllocation
Event: 116.242 Executing VM operation: G1CollectForAllocation done
Event: 116.865 Thread 0x000001f05838d000 Thread exited: 0x000001f05838d000
Event: 129.110 Thread 0x000001f05838d000 Thread added: 0x000001f05838d000


Dynamic libraries:
0x00007ff7fa6f0000 - 0x00007ff7fa6fa000 	C:\Program Files\Android\Android Studio\jre\bin\java.exe
0x00007fffe8270000 - 0x00007fffe8468000 	C:\Windows\SYSTEM32\ntdll.dll
0x00007fffe77d0000 - 0x00007fffe788d000 	C:\Windows\System32\KERNEL32.DLL
0x00007fffe5990000 - 0x00007fffe5c5e000 	C:\Windows\System32\KERNELBASE.dll
0x00007fffdfd50000 - 0x00007fffdfde0000 	C:\Windows\SYSTEM32\apphelp.dll
0x00007fffe5e90000 - 0x00007fffe5f90000 	C:\Windows\System32\ucrtbase.dll
0x00007fffd5e00000 - 0x00007fffd5e19000 	C:\Program Files\Android\Android Studio\jre\bin\jli.dll
0x00007fffd8ef0000 - 0x00007fffd8f07000 	C:\Program Files\Android\Android Studio\jre\bin\VCRUNTIME140.dll
0x00007fffe8090000 - 0x00007fffe8230000 	C:\Windows\System32\USER32.dll
0x00007fffe5f90000 - 0x00007fffe5fb2000 	C:\Windows\System32\win32u.dll
0x00007fffe7890000 - 0x00007fffe78ba000 	C:\Windows\System32\GDI32.dll
0x00007fffe5cd0000 - 0x00007fffe5ddb000 	C:\Windows\System32\gdi32full.dll
0x00007fffe5ff0000 - 0x00007fffe608d000 	C:\Windows\System32\msvcp_win.dll
0x00007fffd7f80000 - 0x00007fffd821a000 	C:\Windows\WinSxS\amd64_microsoft.windows.common-controls_6595b64144ccf1df_6.0.19041.1110_none_60b5254171f9507e\COMCTL32.dll
0x00007fffe6b50000 - 0x00007fffe6bee000 	C:\Windows\System32\msvcrt.dll
0x00007fffe71c0000 - 0x00007fffe71f0000 	C:\Windows\System32\IMM32.DLL
0x00007fffb00a0000 - 0x00007fffb013d000 	C:\Program Files\Android\Android Studio\jre\bin\msvcp140.dll
0x00007fff7d570000 - 0x00007fff7e055000 	C:\Program Files\Android\Android Studio\jre\bin\server\jvm.dll
0x00007fffe7440000 - 0x00007fffe74ee000 	C:\Windows\System32\ADVAPI32.dll
0x00007fffe6f50000 - 0x00007fffe6fec000 	C:\Windows\System32\sechost.dll
0x00007fffe7f60000 - 0x00007fffe8085000 	C:\Windows\System32\RPCRT4.dll
0x00007fffe6360000 - 0x00007fffe6368000 	C:\Windows\System32\PSAPI.DLL
0x00007fffda160000 - 0x00007fffda187000 	C:\Windows\SYSTEM32\WINMM.dll
0x00007fffdd660000 - 0x00007fffdd669000 	C:\Windows\SYSTEM32\WSOCK32.dll
0x00007fffe4680000 - 0x00007fffe468a000 	C:\Windows\SYSTEM32\VERSION.dll
0x00007fffe7700000 - 0x00007fffe776b000 	C:\Windows\System32\ws2_32.DLL
0x00007fffe4310000 - 0x00007fffe4322000 	C:\Windows\SYSTEM32\kernel.appcore.dll
0x00007fffdd050000 - 0x00007fffdd061000 	C:\Program Files\Android\Android Studio\jre\bin\verify.dll
0x00007fffe3e80000 - 0x00007fffe4064000 	C:\Windows\SYSTEM32\DBGHELP.DLL
0x00007fffda680000 - 0x00007fffda6ac000 	C:\Windows\SYSTEM32\dbgcore.DLL
0x00007fffe6240000 - 0x00007fffe62c2000 	C:\Windows\System32\bcryptPrimitives.dll
0x00007fffc26e0000 - 0x00007fffc2709000 	C:\Program Files\Android\Android Studio\jre\bin\java.dll
0x00007fffdd640000 - 0x00007fffdd64b000 	C:\Program Files\Android\Android Studio\jre\bin\jimage.dll
0x00007fffd7590000 - 0x00007fffd75a8000 	C:\Program Files\Android\Android Studio\jre\bin\zip.dll
0x00007fffe6370000 - 0x00007fffe6ab4000 	C:\Windows\System32\SHELL32.dll
0x00007fffe3610000 - 0x00007fffe3da4000 	C:\Windows\SYSTEM32\windows.storage.dll
0x00007fffe6bf0000 - 0x00007fffe6f44000 	C:\Windows\System32\combase.dll
0x00007fffe52a0000 - 0x00007fffe52d0000 	C:\Windows\SYSTEM32\Wldp.dll
0x00007fffe7390000 - 0x00007fffe743d000 	C:\Windows\System32\SHCORE.dll
0x00007fffe76a0000 - 0x00007fffe76f5000 	C:\Windows\System32\shlwapi.dll
0x00007fffe58d0000 - 0x00007fffe58ef000 	C:\Windows\SYSTEM32\profapi.dll
0x00007fffd5de0000 - 0x00007fffd5dfa000 	C:\Program Files\Android\Android Studio\jre\bin\net.dll
0x00007fffdb230000 - 0x00007fffdb33a000 	C:\Windows\SYSTEM32\WINHTTP.dll
0x00007fffe5080000 - 0x00007fffe50ea000 	C:\Windows\system32\mswsock.dll
0x00007fffd4510000 - 0x00007fffd4524000 	C:\Program Files\Android\Android Studio\jre\bin\nio.dll
0x00007fffdbb60000 - 0x00007fffdbb87000 	C:\Users\Helberth\.gradle\native\e1d6ef7f7dcc3fd88c89a11ec53ec762bb8ba0a96d01ffa2cd45eb1d1d8dd5c5\windows-amd64\native-platform.dll
0x00007fffa41b0000 - 0x00007fffa42f4000 	C:\Users\Helberth\.gradle\native\0d407fdbe67a94daf76414ababcb853783967236a71b16ec16e742cd7a986fd3\windows-amd64\native-platform-file-events.dll
0x00007fffdd0f0000 - 0x00007fffdd0fa000 	C:\Program Files\Android\Android Studio\jre\bin\management.dll
0x00007fffdbe50000 - 0x00007fffdbe5d000 	C:\Program Files\Android\Android Studio\jre\bin\management_ext.dll
0x00007fffe55e0000 - 0x00007fffe55f8000 	C:\Windows\SYSTEM32\CRYPTSP.dll
0x00007fffe4a20000 - 0x00007fffe4a54000 	C:\Windows\system32\rsaenh.dll
0x00007fffe5fc0000 - 0x00007fffe5fe7000 	C:\Windows\System32\bcrypt.dll
0x00007fffe5890000 - 0x00007fffe58be000 	C:\Windows\SYSTEM32\USERENV.dll
0x00007fffe5210000 - 0x00007fffe521c000 	C:\Windows\SYSTEM32\CRYPTBASE.dll
0x00007fffe4d90000 - 0x00007fffe4dcb000 	C:\Windows\SYSTEM32\IPHLPAPI.DLL
0x00007fffe6350000 - 0x00007fffe6358000 	C:\Windows\System32\NSI.dll
0x00007fffd91c0000 - 0x00007fffd91d7000 	C:\Windows\SYSTEM32\dhcpcsvc6.DLL
0x00007fffdc990000 - 0x00007fffdc9ad000 	C:\Windows\SYSTEM32\dhcpcsvc.DLL
0x00007fffe4dd0000 - 0x00007fffe4e9a000 	C:\Windows\SYSTEM32\DNSAPI.dll
0x00007fffe4510000 - 0x00007fffe4543000 	C:\Windows\SYSTEM32\ntmarta.dll
0x00007fffd5cb0000 - 0x00007fffd5cce000 	C:\Users\Helberth\AppData\Local\Temp\native-platform8102913305212842185dir\native-platform.dll
0x00007fffdd670000 - 0x00007fffdd678000 	C:\Program Files\Android\Android Studio\jre\bin\rmi.dll

dbghelp: loaded successfully - version: 4.0.5 - missing functions: none
symbol engine: initialized successfully - sym options: 0x614 - pdb path: .;C:\Program Files\Android\Android Studio\jre\bin;C:\Windows\SYSTEM32;C:\Windows\WinSxS\amd64_microsoft.windows.common-controls_6595b64144ccf1df_6.0.19041.1110_none_60b5254171f9507e;C:\Program Files\Android\Android Studio\jre\bin\server;C:\Users\Helberth\.gradle\native\e1d6ef7f7dcc3fd88c89a11ec53ec762bb8ba0a96d01ffa2cd45eb1d1d8dd5c5\windows-amd64;C:\Users\Helberth\.gradle\native\0d407fdbe67a94daf76414ababcb853783967236a71b16ec16e742cd7a986fd3\windows-amd64;C:\Users\Helberth\AppData\Local\Temp\native-platform8102913305212842185dir

VM Arguments:
jvm_args: --add-opens=java.base/java.util=ALL-UNNAMED --add-opens=java.base/java.lang=ALL-UNNAMED --add-opens=java.base/java.lang.invoke=ALL-UNNAMED --add-opens=java.base/java.util=ALL-UNNAMED --add-opens=java.prefs/java.util.prefs=ALL-UNNAMED --add-opens=java.prefs/java.util.prefs=ALL-UNNAMED --add-opens=java.base/java.nio.charset=ALL-UNNAMED --add-opens=java.base/java.net=ALL-UNNAMED --add-opens=java.base/java.util.concurrent.atomic=ALL-UNNAMED -Xmx2048m -Dfile.encoding=UTF-8 -Duser.country=BR -Duser.language=pt -Duser.variant 
java_command: org.gradle.launcher.daemon.bootstrap.GradleDaemon 7.5.1
java_class_path (initial): C:\Users\Helberth\.gradle\wrapper\dists\gradle-7.5.1-bin\7jzzequgds1hbszbhq3npc5ng\gradle-7.5.1\lib\gradle-launcher-7.5.1.jar
Launcher Type: SUN_STANDARD

[Global flags]
     intx CICompilerCount                          = 3                                         {product} {ergonomic}
     uint ConcGCThreads                            = 1                                         {product} {ergonomic}
     uint G1ConcRefinementThreads                  = 4                                         {product} {ergonomic}
   size_t G1HeapRegionSize                         = 1048576                                   {product} {ergonomic}
    uintx GCDrainStackTargetSize                   = 64                                        {product} {ergonomic}
   size_t InitialHeapSize                          = 125829120                                 {product} {ergonomic}
   size_t MarkStackSize                            = 4194304                                   {product} {ergonomic}
   size_t MaxHeapSize                              = 2147483648                                {product} {command line}
   size_t MaxNewSize                               = 1287651328                                {product} {ergonomic}
   size_t MinHeapDeltaBytes                        = 1048576                                   {product} {ergonomic}
    uintx NonNMethodCodeHeapSize                   = 5830732                                {pd product} {ergonomic}
    uintx NonProfiledCodeHeapSize                  = 122913754                              {pd product} {ergonomic}
    uintx ProfiledCodeHeapSize                     = 122913754                              {pd product} {ergonomic}
    uintx ReservedCodeCacheSize                    = 251658240                              {pd product} {ergonomic}
     bool SegmentedCodeCache                       = true                                      {product} {ergonomic}
     bool UseCompressedClassPointers               = true                                 {lp64_product} {ergonomic}
     bool UseCompressedOops                        = true                                 {lp64_product} {ergonomic}
     bool UseG1GC                                  = true                                      {product} {ergonomic}
     bool UseLargePagesIndividualAllocation        = false                                  {pd product} {ergonomic}

Logging:
Log output configuration:
 #0: stdout all=warning uptime,level,tags
 #1: stderr all=off uptime,level,tags

Environment Variables:
PATH=C:\ProgramData\Oracle\Java\javapath;C:\Python39\Scripts\;C:\Python39\;C:\Windows\system32;C:\Windows;C:\Windows\System32\Wbem;C:\Windows\System32\WindowsPowerShell\v1.0\;C:\Windows\System32\OpenSSH\;C:\Program Files (x86)\Intel\Intel(R) Management Engine Components\DAL;C:\Program Files\Intel\Intel(R) Management Engine Components\DAL;C:\Program Files\nodejs\;C:\ProgramData\chocolatey\bin;C:\Program Files\Git\cmd;C:\Program Files\Microsoft SQL Server\130\Tools\Binn\;C:\Program Files\Microsoft SQL Server\Client SDK\ODBC\170\Tools\Binn\;C:\Program Files (x86)\Microsoft SQL Server\150\Tools\Binn\;C:\Program Files\Microsoft SQL Server\150\Tools\Binn\;C:\Program Files\Microsoft SQL Server\150\DTS\Binn\;C:\Program Files (x86)\Microsoft SQL Server\150\DTS\Binn\;C:\Program Files\Azure Data Studio\bin;C:\Program Files\Microsoft SQL Server\140\Tools\Binn\;C:\Program Files\Docker\Docker\resources\bin;C:\ProgramData\DockerDesktop\version-bin;C:\Program Files\dotnet\;C:\Program Files\Amazon\AWSCLI\bin\;C:\Users\Helberth\AppData\Local\Microsoft\WindowsApps;C:\Users\Helberth\.dotnet\tools;C:\Users\Helberth\AppData\Roaming\npm;C:\Users\Helberth\AppData\Local\Programs\Microsoft VS Code\bin;C:\Program Files\Azure Data Studio\bin;C:\Program Files\heroku\bin;C:\Program Files\JetBrains\IntelliJ IDEA Community Edition 2022.2\bin;
USERNAME=Helberth
OS=Windows_NT
PROCESSOR_IDENTIFIER=Intel64 Family 6 Model 78 Stepping 3, GenuineIntel



---------------  S Y S T E M  ---------------

OS: Windows 10 , 64 bit Build 19041 (10.0.19041.1889)
OS uptime: 8 days 9:21 hours
Hyper-V role detected

CPU:total 4 (initial active 4) (2 cores per cpu, 2 threads per core) family 6 model 78 stepping 3 microcode 0xe2, cmov, cx8, fxsr, mmx, sse, sse2, sse3, ssse3, sse4.1, sse4.2, popcnt, avx, avx2, aes, clmul, erms, 3dnowpref, lzcnt, ht, tsc, tscinvbit, bmi1, bmi2, adx, fma

Memory: 4k page, system-wide physical 7608M (3322M free)
TotalPageFile size 31160M (AvailPageFile size 3M)
current process WorkingSet (physical memory assigned to process): 491M, peak: 538M
current process commit charge ("private bytes"): 520M, peak: 567M

vm_info: OpenJDK 64-Bit Server VM (11.0.12+7-b1504.28-7817840) for windows-amd64 JRE (11.0.12+7-b1504.28-7817840), built on Oct 13 2021 22:12:33 by "builder" with MS VC++ 14.0 (VS2015)

END.
